--------------- Build Started: 11/02/2020 09:47:29 Project: Design01, Configuration: ARM GCC 5.4-2016-q2-update Debug ---------------
cydsfit.exe -.appdatapath "C:\Users\danaukes\AppData\Local\Cypress Semiconductor\PSoC Creator\4.3" -.fdsnotice -.fdswarpdepfile=warp_dependencies.txt -.fdselabdepfile=elab_dependencies.txt -.fdsbldfile=generated_files.txt -.fdsreffile=referenced_files.txt -p C:\Users\danaukes\code\code_psoc_photon_transponder\psoc\Workspace01\Design01.cydsn\Design01.cyprj -d CY8C5888LTI-LP097 -s C:\Users\danaukes\code\code_psoc_photon_transponder\psoc\Workspace01\Design01.cydsn\Generated_Source\PSoC5 -- -yv2 -q10 -ygs -o2 -v3 -.fftcfgtype=LE
Elaborating Design...
HDL Generation...
Synthesis...
Tech Mapping...
ADD: pft.M0040: information: The following 2 pin(s) will be assigned a location by the fitter: \myUSB:Dm(0)\, \myUSB:Dp(0)\
Analog Placement...
Analog Routing...
Analog Code Generation...
Digital Placement...
Digital Routing...
Bitstream Generation...
Bitstream Verification...
Static timing analysis...
API Generation...
Dependency Generation...
Cleanup...
arm-none-eabi-gcc.exe -mcpu=cortex-m3 -mthumb -I. -IGenerated_Source\PSoC5 -Wa,-alh=.\CortexM3\ARM_GCC_541\Debug/main.lst -g -D DEBUG -D CY_CORE_ID=0 -Wall -ffunction-sections -ffat-lto-objects -Og -c main.c -o .\CortexM3\ARM_GCC_541\Debug\main.o
arm-none-eabi-ar.exe -rs .\CortexM3\ARM_GCC_541\Debug\Design01.a .\CortexM3\ARM_GCC_541\Debug\myUSB.o .\CortexM3\ARM_GCC_541\Debug\myUSB_audio.o .\CortexM3\ARM_GCC_541\Debug\myUSB_boot.o .\CortexM3\ARM_GCC_541\Debug\myUSB_cdc.o .\CortexM3\ARM_GCC_541\Debug\myUSB_cls.o .\CortexM3\ARM_GCC_541\Debug\myUSB_descr.o .\CortexM3\ARM_GCC_541\Debug\myUSB_drv.o .\CortexM3\ARM_GCC_541\Debug\myUSB_episr.o .\CortexM3\ARM_GCC_541\Debug\myUSB_hid.o .\CortexM3\ARM_GCC_541\Debug\myUSB_pm.o .\CortexM3\ARM_GCC_541\Debug\myUSB_std.o .\CortexM3\ARM_GCC_541\Debug\myUSB_vnd.o .\CortexM3\ARM_GCC_541\Debug\myUSB_midi.o .\CortexM3\ARM_GCC_541\Debug\myUSB_msc.o .\CortexM3\ARM_GCC_541\Debug\myUSB_Dm.o .\CortexM3\ARM_GCC_541\Debug\myUSB_Dp.o .\CortexM3\ARM_GCC_541\Debug\CyDmac.o .\CortexM3\ARM_GCC_541\Debug\CyFlash.o .\CortexM3\ARM_GCC_541\Debug\CyLib.o .\CortexM3\ARM_GCC_541\Debug\cyPm.o .\CortexM3\ARM_GCC_541\Debug\CySpc.o .\CortexM3\ARM_GCC_541\Debug\cyutils.o .\CortexM3\ARM_GCC_541\Debug\cy_em_eeprom.o .\CortexM3\ARM_GCC_541\Debug\UART_photon.o .\CortexM3\ARM_GCC_541\Debug\UART_photon_PM.o .\CortexM3\ARM_GCC_541\Debug\UART_photon_INT.o .\CortexM3\ARM_GCC_541\Debug\UART_photon_BOOT.o .\CortexM3\ARM_GCC_541\Debug\UART_photon_IntClock.o .\CortexM3\ARM_GCC_541\Debug\CyBootAsmGnu.o
arm-none-eabi-ar.exe: creating .\CortexM3\ARM_GCC_541\Debug\Design01.a
arm-none-eabi-gcc.exe -Wl,--start-group -o C:\Users\danaukes\code\code_psoc_photon_transponder\psoc\Workspace01\Design01.cydsn\CortexM3\ARM_GCC_541\Debug\Design01.elf .\CortexM3\ARM_GCC_541\Debug\main.o .\CortexM3\ARM_GCC_541\Debug\cyfitter_cfg.o .\CortexM3\ARM_GCC_541\Debug\cymetadata.o .\CortexM3\ARM_GCC_541\Debug\Cm3Start.o .\CortexM3\ARM_GCC_541\Debug\Design01.a "C:\Program Files (x86)\Cypress\PSoC Creator\4.3\PSoC Creator\psoc\content\cycomponentlibrary\CyComponentLibrary.cylib\CortexM3\ARM_GCC_541\Debug\CyComponentLibrary.a" -mcpu=cortex-m3 -mthumb -l m -L Generated_Source\PSoC5 -Wl,-Map,.\CortexM3\ARM_GCC_541\Debug/Design01.map -T Generated_Source\PSoC5\cm3gcc.ld -specs=nano.specs -u _printf_float -Wl,--gc-sections -g -ffunction-sections -Og -ffat-lto-objects -Wl,--end-group
cyelftool.exe -C C:\Users\danaukes\code\code_psoc_photon_transponder\psoc\Workspace01\Design01.cydsn\CortexM3\ARM_GCC_541\Debug\Design01.elf --flash_row_size 256 --flash_size 262144 --flash_offset 0x00000000
No ELF section .cychecksum found, creating one
Application checksum calculated and stored in ELF section .cychecksum
Checksum calculated and stored in ELF section .cymeta
cyelftool.exe -S C:\Users\danaukes\code\code_psoc_photon_transponder\psoc\Workspace01\Design01.cydsn\CortexM3\ARM_GCC_541\Debug\Design01.elf
Flash used: 16988 of 262144 bytes (6.5%).
SRAM used: 3289 of 65536 bytes (5.0%). Stack: 2048 bytes. Heap: 512 bytes.
--------------- Build Succeeded: 11/02/2020 09:47:43 ---------------
