ARM GAS  C:\Users\danaukes\AppData\Local\Temp\ccr7Pdgb.s 			page 1


   1              		.syntax unified
   2              		.cpu cortex-m3
   3              		.fpu softvfp
   4              		.eabi_attribute 20, 1
   5              		.eabi_attribute 21, 1
   6              		.eabi_attribute 23, 3
   7              		.eabi_attribute 24, 1
   8              		.eabi_attribute 25, 1
   9              		.eabi_attribute 26, 1
  10              		.eabi_attribute 30, 1
  11              		.eabi_attribute 34, 1
  12              		.eabi_attribute 18, 4
  13              		.thumb
  14              		.syntax unified
  15              		.file	"cymetadata.c"
  16              		.text
  17              	.Ltext0:
  18              		.cfi_sections	.debug_frame
  19              		.global	cy_metadata
  20              		.global	cy_meta_flashprotect
  21              		.global	cy_meta_wonvl
  22              		.global	cy_meta_custnvl
  23              		.global	cy_meta_configecc
  24              		.section	.cyconfigecc,"a",%progbits
  25              		.align	2
  26              		.type	cy_meta_configecc, %object
  27              		.size	cy_meta_configecc, 880
  28              	cy_meta_configecc:
  29 0000 01       		.byte	1
  30 0001 45       		.byte	69
  31 0002 00       		.byte	0
  32 0003 40       		.byte	64
  33 0004 03       		.byte	3
  34 0005 52       		.byte	82
  35 0006 00       		.byte	0
  36 0007 40       		.byte	64
  37 0008 03       		.byte	3
  38 0009 64       		.byte	100
  39 000a 00       		.byte	0
  40 000b 40       		.byte	64
  41 000c 15       		.byte	21
  42 000d 00       		.byte	0
  43 000e 01       		.byte	1
  44 000f 40       		.byte	64
  45 0010 3D       		.byte	61
  46 0011 01       		.byte	1
  47 0012 01       		.byte	1
  48 0013 40       		.byte	64
  49 0014 6F       		.byte	111
  50 0015 02       		.byte	2
  51 0016 01       		.byte	1
  52 0017 40       		.byte	64
  53 0018 4C       		.byte	76
  54 0019 03       		.byte	3
  55 001a 01       		.byte	1
  56 001b 40       		.byte	64
  57 001c 04       		.byte	4
ARM GAS  C:\Users\danaukes\AppData\Local\Temp\ccr7Pdgb.s 			page 2


  58 001d 05       		.byte	5
  59 001e 01       		.byte	1
  60 001f 40       		.byte	64
  61 0020 02       		.byte	2
  62 0021 17       		.byte	23
  63 0022 01       		.byte	1
  64 0023 40       		.byte	64
  65 0024 02       		.byte	2
  66 0025 19       		.byte	25
  67 0026 01       		.byte	1
  68 0027 40       		.byte	64
  69 0028 03       		.byte	3
  70 0029 40       		.byte	64
  71 002a 01       		.byte	1
  72 002b 40       		.byte	64
  73 002c 0A       		.byte	10
  74 002d 41       		.byte	65
  75 002e 01       		.byte	1
  76 002f 40       		.byte	64
  77 0030 05       		.byte	5
  78 0031 42       		.byte	66
  79 0032 01       		.byte	1
  80 0033 40       		.byte	64
  81 0034 03       		.byte	3
  82 0035 43       		.byte	67
  83 0036 01       		.byte	1
  84 0037 40       		.byte	64
  85 0038 04       		.byte	4
  86 0039 47       		.byte	71
  87 003a 01       		.byte	1
  88 003b 40       		.byte	64
  89 003c 04       		.byte	4
  90 003d 48       		.byte	72
  91 003e 01       		.byte	1
  92 003f 40       		.byte	64
  93 0040 02       		.byte	2
  94 0041 4C       		.byte	76
  95 0042 01       		.byte	1
  96 0043 40       		.byte	64
  97 0044 02       		.byte	2
  98 0045 50       		.byte	80
  99 0046 01       		.byte	1
 100 0047 40       		.byte	64
 101 0048 01       		.byte	1
 102 0049 51       		.byte	81
 103 004a 01       		.byte	1
 104 004b 40       		.byte	64
 105 004c 7E       		.byte	126
 106 004d 02       		.byte	2
 107 004e 01       		.byte	1
 108 004f 80       		.byte	-128
 109 0050 04       		.byte	4
 110 0051 40       		.byte	64
 111 0052 7C       		.byte	124
 112 0053 40       		.byte	64
 113 0054 80       		.byte	-128
 114 0055 38       		.byte	56
ARM GAS  C:\Users\danaukes\AppData\Local\Temp\ccr7Pdgb.s 			page 3


 115 0056 81       		.byte	-127
 116 0057 72       		.byte	114
 117 0058 82       		.byte	-126
 118 0059 0F       		.byte	15
 119 005a 06       		.byte	6
 120 005b 02       		.byte	2
 121 005c 0A       		.byte	10
 122 005d 02       		.byte	2
 123 005e 0E       		.byte	14
 124 005f 08       		.byte	8
 125 0060 12       		.byte	18
 126 0061 08       		.byte	8
 127 0062 14       		.byte	20
 128 0063 01       		.byte	1
 129 0064 18       		.byte	24
 130 0065 04       		.byte	4
 131 0066 28       		.byte	40
 132 0067 01       		.byte	1
 133 0068 29       		.byte	41
 134 0069 01       		.byte	1
 135 006a 2C       		.byte	44
 136 006b 01       		.byte	1
 137 006c 30       		.byte	48
 138 006d 04       		.byte	4
 139 006e 32       		.byte	50
 140 006f 02       		.byte	2
 141 0070 34       		.byte	52
 142 0071 08       		.byte	8
 143 0072 35       		.byte	53
 144 0073 01       		.byte	1
 145 0074 36       		.byte	54
 146 0075 01       		.byte	1
 147 0076 3E       		.byte	62
 148 0077 15       		.byte	21
 149 0078 3F       		.byte	63
 150 0079 10       		.byte	16
 151 007a 54       		.byte	84
 152 007b 18       		.byte	24
 153 007c 58       		.byte	88
 154 007d 04       		.byte	4
 155 007e 59       		.byte	89
 156 007f 04       		.byte	4
 157 0080 5B       		.byte	91
 158 0081 04       		.byte	4
 159 0082 5F       		.byte	95
 160 0083 01       		.byte	1
 161 0084 01       		.byte	1
 162 0085 04       		.byte	4
 163 0086 02       		.byte	2
 164 0087 08       		.byte	8
 165 0088 03       		.byte	3
 166 0089 02       		.byte	2
 167 008a 05       		.byte	5
 168 008b 61       		.byte	97
 169 008c 06       		.byte	6
 170 008d 20       		.byte	32
 171 008e 07       		.byte	7
ARM GAS  C:\Users\danaukes\AppData\Local\Temp\ccr7Pdgb.s 			page 4


 172 008f 04       		.byte	4
 173 0090 09       		.byte	9
 174 0091 05       		.byte	5
 175 0092 0A       		.byte	10
 176 0093 04       		.byte	4
 177 0094 0D       		.byte	13
 178 0095 08       		.byte	8
 179 0096 0E       		.byte	14
 180 0097 08       		.byte	8
 181 0098 0F       		.byte	15
 182 0099 82       		.byte	-126
 183 009a 10       		.byte	16
 184 009b 0A       		.byte	10
 185 009c 16       		.byte	22
 186 009d 01       		.byte	1
 187 009e 17       		.byte	23
 188 009f 18       		.byte	24
 189 00a0 18       		.byte	24
 190 00a1 10       		.byte	16
 191 00a2 19       		.byte	25
 192 00a3 10       		.byte	16
 193 00a4 1A       		.byte	26
 194 00a5 80       		.byte	-128
 195 00a6 1B       		.byte	27
 196 00a7 40       		.byte	64
 197 00a8 1C       		.byte	28
 198 00a9 08       		.byte	8
 199 00aa 1D       		.byte	29
 200 00ab 2B       		.byte	43
 201 00ac 1E       		.byte	30
 202 00ad 4A       		.byte	74
 203 00ae 20       		.byte	32
 204 00af 04       		.byte	4
 205 00b0 25       		.byte	37
 206 00b1 01       		.byte	1
 207 00b2 26       		.byte	38
 208 00b3 08       		.byte	8
 209 00b4 27       		.byte	39
 210 00b5 04       		.byte	4
 211 00b6 2A       		.byte	42
 212 00b7 10       		.byte	16
 213 00b8 2D       		.byte	45
 214 00b9 20       		.byte	32
 215 00ba 2E       		.byte	46
 216 00bb 40       		.byte	64
 217 00bc 2F       		.byte	47
 218 00bd 28       		.byte	40
 219 00be 34       		.byte	52
 220 00bf 01       		.byte	1
 221 00c0 37       		.byte	55
 222 00c1 28       		.byte	40
 223 00c2 3C       		.byte	60
 224 00c3 08       		.byte	8
 225 00c4 3E       		.byte	62
 226 00c5 22       		.byte	34
 227 00c6 3F       		.byte	63
 228 00c7 80       		.byte	-128
ARM GAS  C:\Users\danaukes\AppData\Local\Temp\ccr7Pdgb.s 			page 5


 229 00c8 45       		.byte	69
 230 00c9 22       		.byte	34
 231 00ca 47       		.byte	71
 232 00cb 40       		.byte	64
 233 00cc 4D       		.byte	77
 234 00cd 04       		.byte	4
 235 00ce 4E       		.byte	78
 236 00cf 08       		.byte	8
 237 00d0 4F       		.byte	79
 238 00d1 80       		.byte	-128
 239 00d2 57       		.byte	87
 240 00d3 02       		.byte	2
 241 00d4 5B       		.byte	91
 242 00d5 01       		.byte	1
 243 00d6 5E       		.byte	94
 244 00d7 02       		.byte	2
 245 00d8 60       		.byte	96
 246 00d9 02       		.byte	2
 247 00da 61       		.byte	97
 248 00db 10       		.byte	16
 249 00dc 6C       		.byte	108
 250 00dd 0E       		.byte	14
 251 00de 6D       		.byte	109
 252 00df 08       		.byte	8
 253 00e0 76       		.byte	118
 254 00e1 23       		.byte	35
 255 00e2 77       		.byte	119
 256 00e3 08       		.byte	8
 257 00e4 80       		.byte	-128
 258 00e5 12       		.byte	18
 259 00e6 84       		.byte	-124
 260 00e7 01       		.byte	1
 261 00e8 85       		.byte	-123
 262 00e9 08       		.byte	8
 263 00ea C0       		.byte	-64
 264 00eb F7       		.byte	-9
 265 00ec C2       		.byte	-62
 266 00ed FE       		.byte	-2
 267 00ee C4       		.byte	-60
 268 00ef E3       		.byte	-29
 269 00f0 CA       		.byte	-54
 270 00f1 74       		.byte	116
 271 00f2 CC       		.byte	-52
 272 00f3 E0       		.byte	-32
 273 00f4 CE       		.byte	-50
 274 00f5 F0       		.byte	-16
 275 00f6 D0       		.byte	-48
 276 00f7 B0       		.byte	-80
 277 00f8 D2       		.byte	-46
 278 00f9 30       		.byte	48
 279 00fa D6       		.byte	-42
 280 00fb 81       		.byte	-127
 281 00fc D8       		.byte	-40
 282 00fd 0C       		.byte	12
 283 00fe 00       		.byte	0
 284 00ff 40       		.byte	64
 285 0100 02       		.byte	2
ARM GAS  C:\Users\danaukes\AppData\Local\Temp\ccr7Pdgb.s 			page 6


 286 0101 20       		.byte	32
 287 0102 04       		.byte	4
 288 0103 E0       		.byte	-32
 289 0104 05       		.byte	5
 290 0105 30       		.byte	48
 291 0106 08       		.byte	8
 292 0107 13       		.byte	19
 293 0108 09       		.byte	9
 294 0109 30       		.byte	48
 295 010a 0A       		.byte	10
 296 010b 0C       		.byte	12
 297 010c 0C       		.byte	12
 298 010d 13       		.byte	19
 299 010e 0E       		.byte	14
 300 010f 04       		.byte	4
 301 0110 0F       		.byte	15
 302 0111 03       		.byte	3
 303 0112 11       		.byte	17
 304 0113 03       		.byte	3
 305 0114 14       		.byte	20
 306 0115 0A       		.byte	10
 307 0116 15       		.byte	21
 308 0117 03       		.byte	3
 309 0118 16       		.byte	22
 310 0119 14       		.byte	20
 311 011a 18       		.byte	24
 312 011b 03       		.byte	3
 313 011c 19       		.byte	25
 314 011d 22       		.byte	34
 315 011e 1A       		.byte	26
 316 011f 14       		.byte	20
 317 0120 1B       		.byte	27
 318 0121 18       		.byte	24
 319 0122 1C       		.byte	28
 320 0123 20       		.byte	32
 321 0124 1E       		.byte	30
 322 0125 C0       		.byte	-64
 323 0126 21       		.byte	33
 324 0127 03       		.byte	3
 325 0128 22       		.byte	34
 326 0129 08       		.byte	8
 327 012a 23       		.byte	35
 328 012b 04       		.byte	4
 329 012c 24       		.byte	36
 330 012d 80       		.byte	-128
 331 012e 25       		.byte	37
 332 012f 11       		.byte	17
 333 0130 26       		.byte	38
 334 0131 20       		.byte	32
 335 0132 27       		.byte	39
 336 0133 68       		.byte	104
 337 0134 28       		.byte	40
 338 0135 E0       		.byte	-32
 339 0136 2B       		.byte	43
 340 0137 03       		.byte	3
 341 0138 2E       		.byte	46
 342 0139 15       		.byte	21
ARM GAS  C:\Users\danaukes\AppData\Local\Temp\ccr7Pdgb.s 			page 7


 343 013a 2F       		.byte	47
 344 013b 03       		.byte	3
 345 013c 30       		.byte	48
 346 013d 10       		.byte	16
 347 013e 31       		.byte	49
 348 013f 0C       		.byte	12
 349 0140 33       		.byte	51
 350 0141 40       		.byte	64
 351 0142 34       		.byte	52
 352 0143 0F       		.byte	15
 353 0144 35       		.byte	53
 354 0145 30       		.byte	48
 355 0146 36       		.byte	54
 356 0147 E0       		.byte	-32
 357 0148 37       		.byte	55
 358 0149 03       		.byte	3
 359 014a 3A       		.byte	58
 360 014b 20       		.byte	32
 361 014c 3E       		.byte	62
 362 014d 01       		.byte	1
 363 014e 3F       		.byte	63
 364 014f 01       		.byte	1
 365 0150 40       		.byte	64
 366 0151 21       		.byte	33
 367 0152 41       		.byte	65
 368 0153 05       		.byte	5
 369 0154 45       		.byte	69
 370 0155 0C       		.byte	12
 371 0156 46       		.byte	70
 372 0157 EB       		.byte	-21
 373 0158 48       		.byte	72
 374 0159 0D       		.byte	13
 375 015a 49       		.byte	73
 376 015b FF       		.byte	-1
 377 015c 4A       		.byte	74
 378 015d FF       		.byte	-1
 379 015e 4B       		.byte	75
 380 015f FF       		.byte	-1
 381 0160 4E       		.byte	78
 382 0161 F0       		.byte	-16
 383 0162 4F       		.byte	79
 384 0163 44       		.byte	68
 385 0164 50       		.byte	80
 386 0165 0C       		.byte	12
 387 0166 54       		.byte	84
 388 0167 01       		.byte	1
 389 0168 58       		.byte	88
 390 0169 04       		.byte	4
 391 016a 59       		.byte	89
 392 016b 04       		.byte	4
 393 016c 5A       		.byte	90
 394 016d 04       		.byte	4
 395 016e 5B       		.byte	91
 396 016f 04       		.byte	4
 397 0170 5F       		.byte	95
 398 0171 01       		.byte	1
 399 0172 66       		.byte	102
ARM GAS  C:\Users\danaukes\AppData\Local\Temp\ccr7Pdgb.s 			page 8


 400 0173 C0       		.byte	-64
 401 0174 6A       		.byte	106
 402 0175 40       		.byte	64
 403 0176 6B       		.byte	107
 404 0177 02       		.byte	2
 405 0178 84       		.byte	-124
 406 0179 09       		.byte	9
 407 017a 86       		.byte	-122
 408 017b D0       		.byte	-48
 409 017c 88       		.byte	-120
 410 017d DC       		.byte	-36
 411 017e 8A       		.byte	-118
 412 017f 22       		.byte	34
 413 0180 8B       		.byte	-117
 414 0181 0C       		.byte	12
 415 0182 8C       		.byte	-116
 416 0183 0C       		.byte	12
 417 0184 8D       		.byte	-115
 418 0185 80       		.byte	-128
 419 0186 8E       		.byte	-114
 420 0187 71       		.byte	113
 421 0188 8F       		.byte	-113
 422 0189 13       		.byte	19
 423 018a 94       		.byte	-108
 424 018b 10       		.byte	16
 425 018c 95       		.byte	-107
 426 018d 2C       		.byte	44
 427 018e 96       		.byte	-106
 428 018f AC       		.byte	-84
 429 0190 97       		.byte	-105
 430 0191 43       		.byte	67
 431 0192 9A       		.byte	-102
 432 0193 03       		.byte	3
 433 0194 9B       		.byte	-101
 434 0195 08       		.byte	8
 435 0196 9E       		.byte	-98
 436 0197 20       		.byte	32
 437 0198 A0       		.byte	-96
 438 0199 14       		.byte	20
 439 019a A4       		.byte	-92
 440 019b 10       		.byte	16
 441 019c A6       		.byte	-90
 442 019d 40       		.byte	64
 443 019e A9       		.byte	-87
 444 019f 71       		.byte	113
 445 01a0 AB       		.byte	-85
 446 01a1 06       		.byte	6
 447 01a2 AD       		.byte	-83
 448 01a3 71       		.byte	113
 449 01a4 AF       		.byte	-81
 450 01a5 0E       		.byte	14
 451 01a6 B0       		.byte	-80
 452 01a7 E0       		.byte	-32
 453 01a8 B1       		.byte	-79
 454 01a9 30       		.byte	48
 455 01aa B3       		.byte	-77
 456 01ab 0F       		.byte	15
ARM GAS  C:\Users\danaukes\AppData\Local\Temp\ccr7Pdgb.s 			page 9


 457 01ac B4       		.byte	-76
 458 01ad 1F       		.byte	31
 459 01ae B5       		.byte	-75
 460 01af C0       		.byte	-64
 461 01b0 B9       		.byte	-71
 462 01b1 22       		.byte	34
 463 01b2 BA       		.byte	-70
 464 01b3 02       		.byte	2
 465 01b4 BB       		.byte	-69
 466 01b5 08       		.byte	8
 467 01b6 BF       		.byte	-65
 468 01b7 01       		.byte	1
 469 01b8 C0       		.byte	-64
 470 01b9 05       		.byte	5
 471 01ba C6       		.byte	-58
 472 01bb 40       		.byte	64
 473 01bc C9       		.byte	-55
 474 01bd FF       		.byte	-1
 475 01be CA       		.byte	-54
 476 01bf 07       		.byte	7
 477 01c0 CB       		.byte	-53
 478 01c1 FF       		.byte	-1
 479 01c2 CC       		.byte	-52
 480 01c3 40       		.byte	64
 481 01c4 CD       		.byte	-51
 482 01c5 20       		.byte	32
 483 01c6 CE       		.byte	-50
 484 01c7 F0       		.byte	-16
 485 01c8 CF       		.byte	-49
 486 01c9 05       		.byte	5
 487 01ca D0       		.byte	-48
 488 01cb 08       		.byte	8
 489 01cc D8       		.byte	-40
 490 01cd 04       		.byte	4
 491 01ce D9       		.byte	-39
 492 01cf 04       		.byte	4
 493 01d0 DA       		.byte	-38
 494 01d1 04       		.byte	4
 495 01d2 DF       		.byte	-33
 496 01d3 01       		.byte	1
 497 01d4 E0       		.byte	-32
 498 01d5 40       		.byte	64
 499 01d6 E1       		.byte	-31
 500 01d7 A8       		.byte	-88
 501 01d8 E2       		.byte	-30
 502 01d9 40       		.byte	64
 503 01da E3       		.byte	-29
 504 01db 20       		.byte	32
 505 01dc 00       		.byte	0
 506 01dd 68       		.byte	104
 507 01de 04       		.byte	4
 508 01df 48       		.byte	72
 509 01e0 05       		.byte	5
 510 01e1 12       		.byte	18
 511 01e2 06       		.byte	6
 512 01e3 20       		.byte	32
 513 01e4 08       		.byte	8
ARM GAS  C:\Users\danaukes\AppData\Local\Temp\ccr7Pdgb.s 			page 10


 514 01e5 04       		.byte	4
 515 01e6 09       		.byte	9
 516 01e7 80       		.byte	-128
 517 01e8 0A       		.byte	10
 518 01e9 04       		.byte	4
 519 01ea 0D       		.byte	13
 520 01eb 08       		.byte	8
 521 01ec 0E       		.byte	14
 522 01ed 02       		.byte	2
 523 01ee 0F       		.byte	15
 524 01ef 08       		.byte	8
 525 01f0 10       		.byte	16
 526 01f1 A0       		.byte	-96
 527 01f2 15       		.byte	21
 528 01f3 40       		.byte	64
 529 01f4 16       		.byte	22
 530 01f5 08       		.byte	8
 531 01f6 17       		.byte	23
 532 01f7 0A       		.byte	10
 533 01f8 18       		.byte	24
 534 01f9 40       		.byte	64
 535 01fa 1A       		.byte	26
 536 01fb 04       		.byte	4
 537 01fc 1B       		.byte	27
 538 01fd 02       		.byte	2
 539 01fe 1D       		.byte	29
 540 01ff 50       		.byte	80
 541 0200 1E       		.byte	30
 542 0201 42       		.byte	66
 543 0202 1F       		.byte	31
 544 0203 80       		.byte	-128
 545 0204 20       		.byte	32
 546 0205 28       		.byte	40
 547 0206 21       		.byte	33
 548 0207 18       		.byte	24
 549 0208 22       		.byte	34
 550 0209 02       		.byte	2
 551 020a 26       		.byte	38
 552 020b 20       		.byte	32
 553 020c 27       		.byte	39
 554 020d 69       		.byte	105
 555 020e 28       		.byte	40
 556 020f 04       		.byte	4
 557 0210 29       		.byte	41
 558 0211 90       		.byte	-112
 559 0212 2B       		.byte	43
 560 0213 02       		.byte	2
 561 0214 2C       		.byte	44
 562 0215 01       		.byte	1
 563 0216 2F       		.byte	47
 564 0217 A8       		.byte	-88
 565 0218 30       		.byte	48
 566 0219 20       		.byte	32
 567 021a 31       		.byte	49
 568 021b 08       		.byte	8
 569 021c 35       		.byte	53
 570 021d 01       		.byte	1
ARM GAS  C:\Users\danaukes\AppData\Local\Temp\ccr7Pdgb.s 			page 11


 571 021e 36       		.byte	54
 572 021f 24       		.byte	36
 573 0220 37       		.byte	55
 574 0221 10       		.byte	16
 575 0222 38       		.byte	56
 576 0223 80       		.byte	-128
 577 0224 39       		.byte	57
 578 0225 60       		.byte	96
 579 0226 3D       		.byte	61
 580 0227 08       		.byte	8
 581 0228 3E       		.byte	62
 582 0229 28       		.byte	40
 583 022a 3F       		.byte	63
 584 022b 80       		.byte	-128
 585 022c 44       		.byte	68
 586 022d 04       		.byte	4
 587 022e 45       		.byte	69
 588 022f 80       		.byte	-128
 589 0230 4A       		.byte	74
 590 0231 02       		.byte	2
 591 0232 4D       		.byte	77
 592 0233 80       		.byte	-128
 593 0234 4F       		.byte	79
 594 0235 08       		.byte	8
 595 0236 50       		.byte	80
 596 0237 60       		.byte	96
 597 0238 51       		.byte	81
 598 0239 80       		.byte	-128
 599 023a 54       		.byte	84
 600 023b 80       		.byte	-128
 601 023c 55       		.byte	85
 602 023d 20       		.byte	32
 603 023e 56       		.byte	86
 604 023f 10       		.byte	16
 605 0240 5C       		.byte	92
 606 0241 24       		.byte	36
 607 0242 5D       		.byte	93
 608 0243 01       		.byte	1
 609 0244 5E       		.byte	94
 610 0245 40       		.byte	64
 611 0246 84       		.byte	-124
 612 0247 04       		.byte	4
 613 0248 87       		.byte	-121
 614 0249 02       		.byte	2
 615 024a 90       		.byte	-112
 616 024b 0C       		.byte	12
 617 024c 96       		.byte	-106
 618 024d 04       		.byte	4
 619 024e 98       		.byte	-104
 620 024f 01       		.byte	1
 621 0250 99       		.byte	-103
 622 0251 01       		.byte	1
 623 0252 9D       		.byte	-99
 624 0253 40       		.byte	64
 625 0254 9E       		.byte	-98
 626 0255 10       		.byte	16
 627 0256 9F       		.byte	-97
ARM GAS  C:\Users\danaukes\AppData\Local\Temp\ccr7Pdgb.s 			page 12


 628 0257 71       		.byte	113
 629 0258 A1       		.byte	-95
 630 0259 04       		.byte	4
 631 025a A2       		.byte	-94
 632 025b 04       		.byte	4
 633 025c A3       		.byte	-93
 634 025d 48       		.byte	72
 635 025e A7       		.byte	-89
 636 025f 21       		.byte	33
 637 0260 AA       		.byte	-86
 638 0261 40       		.byte	64
 639 0262 C0       		.byte	-64
 640 0263 F7       		.byte	-9
 641 0264 C2       		.byte	-62
 642 0265 E7       		.byte	-25
 643 0266 C4       		.byte	-60
 644 0267 FC       		.byte	-4
 645 0268 CA       		.byte	-54
 646 0269 FC       		.byte	-4
 647 026a CC       		.byte	-52
 648 026b E6       		.byte	-26
 649 026c CE       		.byte	-50
 650 026d 7C       		.byte	124
 651 026e D0       		.byte	-48
 652 026f 30       		.byte	48
 653 0270 D2       		.byte	-46
 654 0271 18       		.byte	24
 655 0272 D6       		.byte	-42
 656 0273 F0       		.byte	-16
 657 0274 AD       		.byte	-83
 658 0275 23       		.byte	35
 659 0276 AF       		.byte	-81
 660 0277 21       		.byte	33
 661 0278 B4       		.byte	-76
 662 0279 20       		.byte	32
 663 027a B7       		.byte	-73
 664 027b 04       		.byte	4
 665 027c EA       		.byte	-22
 666 027d 02       		.byte	2
 667 027e EE       		.byte	-18
 668 027f 0A       		.byte	10
 669 0280 EA       		.byte	-22
 670 0281 02       		.byte	2
 671 0282 EE       		.byte	-18
 672 0283 0A       		.byte	10
 673 0284 33       		.byte	51
 674 0285 81       		.byte	-127
 675 0286 36       		.byte	54
 676 0287 40       		.byte	64
 677 0288 CC       		.byte	-52
 678 0289 70       		.byte	112
 679 028a 0B       		.byte	11
 680 028b 08       		.byte	8
 681 028c 62       		.byte	98
 682 028d 20       		.byte	32
 683 028e 9F       		.byte	-97
 684 028f 01       		.byte	1
ARM GAS  C:\Users\danaukes\AppData\Local\Temp\ccr7Pdgb.s 			page 13


 685 0290 A2       		.byte	-94
 686 0291 20       		.byte	32
 687 0292 A6       		.byte	-90
 688 0293 40       		.byte	64
 689 0294 A7       		.byte	-89
 690 0295 80       		.byte	-128
 691 0296 AA       		.byte	-86
 692 0297 20       		.byte	32
 693 0298 C2       		.byte	-62
 694 0299 40       		.byte	64
 695 029a D8       		.byte	-40
 696 029b 40       		.byte	64
 697 029c EE       		.byte	-18
 698 029d 80       		.byte	-128
 699 029e 9F       		.byte	-97
 700 029f 01       		.byte	1
 701 02a0 A6       		.byte	-90
 702 02a1 40       		.byte	64
 703 02a2 A7       		.byte	-89
 704 02a3 80       		.byte	-128
 705 02a4 AF       		.byte	-81
 706 02a5 04       		.byte	4
 707 02a6 EC       		.byte	-20
 708 02a7 10       		.byte	16
 709 02a8 9F       		.byte	-97
 710 02a9 01       		.byte	1
 711 02aa A6       		.byte	-90
 712 02ab 40       		.byte	64
 713 02ac A7       		.byte	-89
 714 02ad 80       		.byte	-128
 715 02ae 08       		.byte	8
 716 02af 08       		.byte	8
 717 02b0 0B       		.byte	11
 718 02b1 04       		.byte	4
 719 02b2 0F       		.byte	15
 720 02b3 40       		.byte	64
 721 02b4 C2       		.byte	-62
 722 02b5 0E       		.byte	14
 723 02b6 AE       		.byte	-82
 724 02b7 40       		.byte	64
 725 02b8 AF       		.byte	-81
 726 02b9 81       		.byte	-127
 727 02ba EA       		.byte	-22
 728 02bb 40       		.byte	64
 729 02bc EE       		.byte	-18
 730 02bd 50       		.byte	80
 731 02be AC       		.byte	-84
 732 02bf 08       		.byte	8
 733 02c0 AF       		.byte	-81
 734 02c1 44       		.byte	68
 735 02c2 00       		.byte	0
 736 02c3 01       		.byte	1
 737 02c4 08       		.byte	8
 738 02c5 01       		.byte	1
 739 02c6 00       		.byte	0
 740 02c7 2A       		.byte	42
 741 02c8 3F       		.byte	63
ARM GAS  C:\Users\danaukes\AppData\Local\Temp\ccr7Pdgb.s 			page 14


 742 02c9 10       		.byte	16
 743 02ca 00       		.byte	0
 744 02cb 00       		.byte	0
 745 02cc 0C       		.byte	12
 746 02cd 67       		.byte	103
 747 02ce 00       		.byte	0
 748 02cf 18       		.byte	24
 749 02d0 1C       		.byte	28
 750 02d1 18       		.byte	24
 751 02d2 23       		.byte	35
 752 02d3 00       		.byte	0
 753 02d4 03       		.byte	3
 754 02d5 00       		.byte	0
 755 02d6 00       		.byte	0
 756 02d7 23       		.byte	35
 757 02d8 00       		.byte	0
 758 02d9 1C       		.byte	28
 759 02da 23       		.byte	35
 760 02db 61       		.byte	97
 761 02dc 1F       		.byte	31
 762 02dd 08       		.byte	8
 763 02de 20       		.byte	32
 764 02df 00       		.byte	0
 765 02e0 33       		.byte	51
 766 02e1 00       		.byte	0
 767 02e2 0C       		.byte	12
 768 02e3 04       		.byte	4
 769 02e4 01       		.byte	1
 770 02e5 00       		.byte	0
 771 02e6 00       		.byte	0
 772 02e7 00       		.byte	0
 773 02e8 00       		.byte	0
 774 02e9 00       		.byte	0
 775 02ea 00       		.byte	0
 776 02eb 00       		.byte	0
 777 02ec 04       		.byte	4
 778 02ed 04       		.byte	4
 779 02ee 00       		.byte	0
 780 02ef 00       		.byte	0
 781 02f0 02       		.byte	2
 782 02f1 3C       		.byte	60
 783 02f2 00       		.byte	0
 784 02f3 42       		.byte	66
 785 02f4 08       		.byte	8
 786 02f5 7F       		.byte	127
 787 02f6 00       		.byte	0
 788 02f7 00       		.byte	0
 789 02f8 00       		.byte	0
 790 02f9 40       		.byte	64
 791 02fa 2C       		.byte	44
 792 02fb 38       		.byte	56
 793 02fc 0F       		.byte	15
 794 02fd 1F       		.byte	31
 795 02fe 10       		.byte	16
 796 02ff 00       		.byte	0
 797 0300 00       		.byte	0
 798 0301 02       		.byte	2
ARM GAS  C:\Users\danaukes\AppData\Local\Temp\ccr7Pdgb.s 			page 15


 799 0302 2A       		.byte	42
 800 0303 20       		.byte	32
 801 0304 00       		.byte	0
 802 0305 00       		.byte	0
 803 0306 40       		.byte	64
 804 0307 00       		.byte	0
 805 0308 25       		.byte	37
 806 0309 04       		.byte	4
 807 030a 06       		.byte	6
 808 030b 00       		.byte	0
 809 030c 01       		.byte	1
 810 030d 0C       		.byte	12
 811 030e 00       		.byte	0
 812 030f E0       		.byte	-32
 813 0310 21       		.byte	33
 814 0311 FF       		.byte	-1
 815 0312 FF       		.byte	-1
 816 0313 FF       		.byte	-1
 817 0314 62       		.byte	98
 818 0315 A0       		.byte	-96
 819 0316 F0       		.byte	-16
 820 0317 41       		.byte	65
 821 0318 0C       		.byte	12
 822 0319 00       		.byte	0
 823 031a 00       		.byte	0
 824 031b 00       		.byte	0
 825 031c 00       		.byte	0
 826 031d 00       		.byte	0
 827 031e 02       		.byte	2
 828 031f 13       		.byte	19
 829 0320 04       		.byte	4
 830 0321 04       		.byte	4
 831 0322 04       		.byte	4
 832 0323 04       		.byte	4
 833 0324 00       		.byte	0
 834 0325 00       		.byte	0
 835 0326 00       		.byte	0
 836 0327 01       		.byte	1
 837 0328 00       		.byte	0
 838 0329 00       		.byte	0
 839 032a 00       		.byte	0
 840 032b 00       		.byte	0
 841 032c 00       		.byte	0
 842 032d 00       		.byte	0
 843 032e 40       		.byte	64
 844 032f 02       		.byte	2
 845 0330 00       		.byte	0
 846 0331 10       		.byte	16
 847 0332 30       		.byte	48
 848 0333 10       		.byte	16
 849 0334 00       		.byte	0
 850 0335 10       		.byte	16
 851 0336 10       		.byte	16
 852 0337 12       		.byte	18
 853 0338 00       		.byte	0
 854 0339 00       		.byte	0
 855 033a 00       		.byte	0
ARM GAS  C:\Users\danaukes\AppData\Local\Temp\ccr7Pdgb.s 			page 16


 856 033b 00       		.byte	0
 857 033c 00       		.byte	0
 858 033d 00       		.byte	0
 859 033e 00       		.byte	0
 860 033f 00       		.byte	0
 861 0340 00       		.byte	0
 862 0341 00       		.byte	0
 863 0342 00       		.byte	0
 864 0343 00       		.byte	0
 865 0344 00       		.byte	0
 866 0345 00       		.byte	0
 867 0346 00       		.byte	0
 868 0347 00       		.byte	0
 869 0348 80       		.byte	-128
 870 0349 00       		.byte	0
 871 034a 40       		.byte	64
 872 034b 80       		.byte	-128
 873 034c 80       		.byte	-128
 874 034d 00       		.byte	0
 875 034e 80       		.byte	-128
 876 034f 00       		.byte	0
 877 0350 00       		.byte	0
 878 0351 00       		.byte	0
 879 0352 00       		.byte	0
 880 0353 00       		.byte	0
 881 0354 40       		.byte	64
 882 0355 00       		.byte	0
 883 0356 00       		.byte	0
 884 0357 00       		.byte	0
 885 0358 00       		.byte	0
 886 0359 00       		.byte	0
 887 035a 00       		.byte	0
 888 035b 00       		.byte	0
 889 035c C0       		.byte	-64
 890 035d 00       		.byte	0
 891 035e 00       		.byte	0
 892 035f 00       		.byte	0
 893 0360 00       		.byte	0
 894 0361 0B       		.byte	11
 895 0362 0B       		.byte	11
 896 0363 00       		.byte	0
 897 0364 00       		.byte	0
 898 0365 00       		.byte	0
 899 0366 00       		.byte	0
 900 0367 00       		.byte	0
 901 0368 00       		.byte	0
 902 0369 02       		.byte	2
 903 036a 02       		.byte	2
 904 036b 00       		.byte	0
 905 036c 00       		.byte	0
 906 036d 00       		.byte	0
 907 036e 00       		.byte	0
 908 036f 00       		.byte	0
 909              		.section	.cywolatch,"a",%progbits
 910              		.align	2
 911              		.type	cy_meta_wonvl, %object
 912              		.size	cy_meta_wonvl, 4
ARM GAS  C:\Users\danaukes\AppData\Local\Temp\ccr7Pdgb.s 			page 17


 913              	cy_meta_wonvl:
 914 0000 BC       		.byte	-68
 915 0001 90       		.byte	-112
 916 0002 AC       		.byte	-84
 917 0003 AF       		.byte	-81
 918              		.section	.cycustnvl,"a",%progbits
 919              		.align	2
 920              		.type	cy_meta_custnvl, %object
 921              		.size	cy_meta_custnvl, 4
 922              	cy_meta_custnvl:
 923 0000 00       		.byte	0
 924 0001 00       		.byte	0
 925 0002 40       		.byte	64
 926 0003 05       		.byte	5
 927              		.section	.cymeta,"a",%progbits
 928              		.align	2
 929              		.type	cy_metadata, %object
 930              		.size	cy_metadata, 12
 931              	cy_metadata:
 932 0000 00       		.byte	0
 933 0001 01       		.byte	1
 934 0002 2E       		.byte	46
 935 0003 16       		.byte	22
 936 0004 10       		.byte	16
 937 0005 69       		.byte	105
 938 0006 00       		.byte	0
 939 0007 01       		.byte	1
 940 0008 00       		.byte	0
 941 0009 00       		.byte	0
 942 000a 00       		.byte	0
 943 000b 00       		.byte	0
 944              		.section	.cyflashprotect,"a",%progbits
 945              		.align	2
 946              		.type	cy_meta_flashprotect, %object
 947              		.size	cy_meta_flashprotect, 256
 948              	cy_meta_flashprotect:
 949 0000 00000000 		.space	256
 949      00000000 
 949      00000000 
 949      00000000 
 949      00000000 
 950              		.text
 951              	.Letext0:
 952              		.file 1 "c:\\program files (x86)\\cypress\\psoc creator\\4.3\\psoc creator\\import\\gnu\\arm\\5.4.
 953              		.file 2 "c:\\program files (x86)\\cypress\\psoc creator\\4.3\\psoc creator\\import\\gnu\\arm\\5.4.
 954              		.file 3 "Generated_Source\\PSoC5\\cymetadata.c"
 955              		.section	.debug_info,"",%progbits
 956              	.Ldebug_info0:
 957 0000 31010000 		.4byte	0x131
 958 0004 0400     		.2byte	0x4
 959 0006 00000000 		.4byte	.Ldebug_abbrev0
 960 000a 04       		.byte	0x4
 961 000b 01       		.uleb128 0x1
 962 000c 78000000 		.4byte	.LASF17
 963 0010 0C       		.byte	0xc
 964 0011 D2010000 		.4byte	.LASF18
 965 0015 0A000000 		.4byte	.LASF19
ARM GAS  C:\Users\danaukes\AppData\Local\Temp\ccr7Pdgb.s 			page 18


 966 0019 00000000 		.4byte	.Ldebug_line0
 967 001d 02       		.uleb128 0x2
 968 001e 01       		.byte	0x1
 969 001f 06       		.byte	0x6
 970 0020 C6010000 		.4byte	.LASF0
 971 0024 03       		.uleb128 0x3
 972 0025 00000000 		.4byte	.LASF9
 973 0029 01       		.byte	0x1
 974 002a 1D       		.byte	0x1d
 975 002b 2F000000 		.4byte	0x2f
 976 002f 02       		.uleb128 0x2
 977 0030 01       		.byte	0x1
 978 0031 08       		.byte	0x8
 979 0032 6A000000 		.4byte	.LASF1
 980 0036 02       		.uleb128 0x2
 981 0037 02       		.byte	0x2
 982 0038 05       		.byte	0x5
 983 0039 B3010000 		.4byte	.LASF2
 984 003d 02       		.uleb128 0x2
 985 003e 02       		.byte	0x2
 986 003f 07       		.byte	0x7
 987 0040 18010000 		.4byte	.LASF3
 988 0044 02       		.uleb128 0x2
 989 0045 04       		.byte	0x4
 990 0046 05       		.byte	0x5
 991 0047 BD010000 		.4byte	.LASF4
 992 004b 02       		.uleb128 0x2
 993 004c 04       		.byte	0x4
 994 004d 07       		.byte	0x7
 995 004e 06010000 		.4byte	.LASF5
 996 0052 02       		.uleb128 0x2
 997 0053 08       		.byte	0x8
 998 0054 05       		.byte	0x5
 999 0055 A5010000 		.4byte	.LASF6
 1000 0059 02       		.uleb128 0x2
 1001 005a 08       		.byte	0x8
 1002 005b 07       		.byte	0x7
 1003 005c 5A010000 		.4byte	.LASF7
 1004 0060 04       		.uleb128 0x4
 1005 0061 04       		.byte	0x4
 1006 0062 05       		.byte	0x5
 1007 0063 696E7400 		.ascii	"int\000"
 1008 0067 02       		.uleb128 0x2
 1009 0068 04       		.byte	0x4
 1010 0069 07       		.byte	0x7
 1011 006a 4D010000 		.4byte	.LASF8
 1012 006e 03       		.uleb128 0x3
 1013 006f 71010000 		.4byte	.LASF10
 1014 0073 02       		.byte	0x2
 1015 0074 18       		.byte	0x18
 1016 0075 24000000 		.4byte	0x24
 1017 0079 05       		.uleb128 0x5
 1018 007a 91000000 		.4byte	0x91
 1019 007e 8A000000 		.4byte	0x8a
 1020 0082 06       		.uleb128 0x6
 1021 0083 8A000000 		.4byte	0x8a
 1022 0087 6F03     		.2byte	0x36f
ARM GAS  C:\Users\danaukes\AppData\Local\Temp\ccr7Pdgb.s 			page 19


 1023 0089 00       		.byte	0
 1024 008a 02       		.uleb128 0x2
 1025 008b 04       		.byte	0x4
 1026 008c 07       		.byte	0x7
 1027 008d 9C010000 		.4byte	.LASF11
 1028 0091 07       		.uleb128 0x7
 1029 0092 6E000000 		.4byte	0x6e
 1030 0096 08       		.uleb128 0x8
 1031 0097 3B010000 		.4byte	.LASF12
 1032 009b 03       		.byte	0x3
 1033 009c 1F       		.byte	0x1f
 1034 009d A7000000 		.4byte	0xa7
 1035 00a1 05       		.uleb128 0x5
 1036 00a2 03       		.byte	0x3
 1037 00a3 00000000 		.4byte	cy_meta_configecc
 1038 00a7 07       		.uleb128 0x7
 1039 00a8 79000000 		.4byte	0x79
 1040 00ac 05       		.uleb128 0x5
 1041 00ad 91000000 		.4byte	0x91
 1042 00b1 BC000000 		.4byte	0xbc
 1043 00b5 09       		.uleb128 0x9
 1044 00b6 8A000000 		.4byte	0x8a
 1045 00ba 03       		.byte	0x3
 1046 00bb 00       		.byte	0
 1047 00bc 08       		.uleb128 0x8
 1048 00bd 2B010000 		.4byte	.LASF13
 1049 00c1 03       		.byte	0x3
 1050 00c2 9A       		.byte	0x9a
 1051 00c3 CD000000 		.4byte	0xcd
 1052 00c7 05       		.uleb128 0x5
 1053 00c8 03       		.byte	0x3
 1054 00c9 00000000 		.4byte	cy_meta_custnvl
 1055 00cd 07       		.uleb128 0x7
 1056 00ce AC000000 		.4byte	0xac
 1057 00d2 08       		.uleb128 0x8
 1058 00d3 8E010000 		.4byte	.LASF14
 1059 00d7 03       		.byte	0x3
 1060 00d8 A8       		.byte	0xa8
 1061 00d9 E3000000 		.4byte	0xe3
 1062 00dd 05       		.uleb128 0x5
 1063 00de 03       		.byte	0x3
 1064 00df 00000000 		.4byte	cy_meta_wonvl
 1065 00e3 07       		.uleb128 0x7
 1066 00e4 AC000000 		.4byte	0xac
 1067 00e8 05       		.uleb128 0x5
 1068 00e9 91000000 		.4byte	0x91
 1069 00ed F8000000 		.4byte	0xf8
 1070 00f1 09       		.uleb128 0x9
 1071 00f2 8A000000 		.4byte	0x8a
 1072 00f6 FF       		.byte	0xff
 1073 00f7 00       		.byte	0
 1074 00f8 08       		.uleb128 0x8
 1075 00f9 79010000 		.4byte	.LASF15
 1076 00fd 03       		.byte	0x3
 1077 00fe B6       		.byte	0xb6
 1078 00ff 09010000 		.4byte	0x109
 1079 0103 05       		.uleb128 0x5
ARM GAS  C:\Users\danaukes\AppData\Local\Temp\ccr7Pdgb.s 			page 20


 1080 0104 03       		.byte	0x3
 1081 0105 00000000 		.4byte	cy_meta_flashprotect
 1082 0109 07       		.uleb128 0x7
 1083 010a E8000000 		.4byte	0xe8
 1084 010e 05       		.uleb128 0x5
 1085 010f 91000000 		.4byte	0x91
 1086 0113 1E010000 		.4byte	0x11e
 1087 0117 09       		.uleb128 0x9
 1088 0118 8A000000 		.4byte	0x8a
 1089 011c 0B       		.byte	0xb
 1090 011d 00       		.byte	0
 1091 011e 08       		.uleb128 0x8
 1092 011f 5E000000 		.4byte	.LASF16
 1093 0123 03       		.byte	0x3
 1094 0124 E3       		.byte	0xe3
 1095 0125 2F010000 		.4byte	0x12f
 1096 0129 05       		.uleb128 0x5
 1097 012a 03       		.byte	0x3
 1098 012b 00000000 		.4byte	cy_metadata
 1099 012f 07       		.uleb128 0x7
 1100 0130 0E010000 		.4byte	0x10e
 1101 0134 00       		.byte	0
 1102              		.section	.debug_abbrev,"",%progbits
 1103              	.Ldebug_abbrev0:
 1104 0000 01       		.uleb128 0x1
 1105 0001 11       		.uleb128 0x11
 1106 0002 01       		.byte	0x1
 1107 0003 25       		.uleb128 0x25
 1108 0004 0E       		.uleb128 0xe
 1109 0005 13       		.uleb128 0x13
 1110 0006 0B       		.uleb128 0xb
 1111 0007 03       		.uleb128 0x3
 1112 0008 0E       		.uleb128 0xe
 1113 0009 1B       		.uleb128 0x1b
 1114 000a 0E       		.uleb128 0xe
 1115 000b 10       		.uleb128 0x10
 1116 000c 17       		.uleb128 0x17
 1117 000d 00       		.byte	0
 1118 000e 00       		.byte	0
 1119 000f 02       		.uleb128 0x2
 1120 0010 24       		.uleb128 0x24
 1121 0011 00       		.byte	0
 1122 0012 0B       		.uleb128 0xb
 1123 0013 0B       		.uleb128 0xb
 1124 0014 3E       		.uleb128 0x3e
 1125 0015 0B       		.uleb128 0xb
 1126 0016 03       		.uleb128 0x3
 1127 0017 0E       		.uleb128 0xe
 1128 0018 00       		.byte	0
 1129 0019 00       		.byte	0
 1130 001a 03       		.uleb128 0x3
 1131 001b 16       		.uleb128 0x16
 1132 001c 00       		.byte	0
 1133 001d 03       		.uleb128 0x3
 1134 001e 0E       		.uleb128 0xe
 1135 001f 3A       		.uleb128 0x3a
 1136 0020 0B       		.uleb128 0xb
ARM GAS  C:\Users\danaukes\AppData\Local\Temp\ccr7Pdgb.s 			page 21


 1137 0021 3B       		.uleb128 0x3b
 1138 0022 0B       		.uleb128 0xb
 1139 0023 49       		.uleb128 0x49
 1140 0024 13       		.uleb128 0x13
 1141 0025 00       		.byte	0
 1142 0026 00       		.byte	0
 1143 0027 04       		.uleb128 0x4
 1144 0028 24       		.uleb128 0x24
 1145 0029 00       		.byte	0
 1146 002a 0B       		.uleb128 0xb
 1147 002b 0B       		.uleb128 0xb
 1148 002c 3E       		.uleb128 0x3e
 1149 002d 0B       		.uleb128 0xb
 1150 002e 03       		.uleb128 0x3
 1151 002f 08       		.uleb128 0x8
 1152 0030 00       		.byte	0
 1153 0031 00       		.byte	0
 1154 0032 05       		.uleb128 0x5
 1155 0033 01       		.uleb128 0x1
 1156 0034 01       		.byte	0x1
 1157 0035 49       		.uleb128 0x49
 1158 0036 13       		.uleb128 0x13
 1159 0037 01       		.uleb128 0x1
 1160 0038 13       		.uleb128 0x13
 1161 0039 00       		.byte	0
 1162 003a 00       		.byte	0
 1163 003b 06       		.uleb128 0x6
 1164 003c 21       		.uleb128 0x21
 1165 003d 00       		.byte	0
 1166 003e 49       		.uleb128 0x49
 1167 003f 13       		.uleb128 0x13
 1168 0040 2F       		.uleb128 0x2f
 1169 0041 05       		.uleb128 0x5
 1170 0042 00       		.byte	0
 1171 0043 00       		.byte	0
 1172 0044 07       		.uleb128 0x7
 1173 0045 26       		.uleb128 0x26
 1174 0046 00       		.byte	0
 1175 0047 49       		.uleb128 0x49
 1176 0048 13       		.uleb128 0x13
 1177 0049 00       		.byte	0
 1178 004a 00       		.byte	0
 1179 004b 08       		.uleb128 0x8
 1180 004c 34       		.uleb128 0x34
 1181 004d 00       		.byte	0
 1182 004e 03       		.uleb128 0x3
 1183 004f 0E       		.uleb128 0xe
 1184 0050 3A       		.uleb128 0x3a
 1185 0051 0B       		.uleb128 0xb
 1186 0052 3B       		.uleb128 0x3b
 1187 0053 0B       		.uleb128 0xb
 1188 0054 49       		.uleb128 0x49
 1189 0055 13       		.uleb128 0x13
 1190 0056 3F       		.uleb128 0x3f
 1191 0057 19       		.uleb128 0x19
 1192 0058 02       		.uleb128 0x2
 1193 0059 18       		.uleb128 0x18
ARM GAS  C:\Users\danaukes\AppData\Local\Temp\ccr7Pdgb.s 			page 22


 1194 005a 00       		.byte	0
 1195 005b 00       		.byte	0
 1196 005c 09       		.uleb128 0x9
 1197 005d 21       		.uleb128 0x21
 1198 005e 00       		.byte	0
 1199 005f 49       		.uleb128 0x49
 1200 0060 13       		.uleb128 0x13
 1201 0061 2F       		.uleb128 0x2f
 1202 0062 0B       		.uleb128 0xb
 1203 0063 00       		.byte	0
 1204 0064 00       		.byte	0
 1205 0065 00       		.byte	0
 1206              		.section	.debug_aranges,"",%progbits
 1207 0000 14000000 		.4byte	0x14
 1208 0004 0200     		.2byte	0x2
 1209 0006 00000000 		.4byte	.Ldebug_info0
 1210 000a 04       		.byte	0x4
 1211 000b 00       		.byte	0
 1212 000c 0000     		.2byte	0
 1213 000e 0000     		.2byte	0
 1214 0010 00000000 		.4byte	0
 1215 0014 00000000 		.4byte	0
 1216              		.section	.debug_line,"",%progbits
 1217              	.Ldebug_line0:
 1218 0000 3D010000 		.section	.debug_str,"MS",%progbits,1
 1218      02003701 
 1218      00000201 
 1218      FB0E0D00 
 1218      01010101 
 1219              	.LASF9:
 1220 0000 5F5F7569 		.ascii	"__uint8_t\000"
 1220      6E74385F 
 1220      7400
 1221              	.LASF19:
 1222 000a 433A5C55 		.ascii	"C:\\Users\\danaukes\\code\\code_psoc_photon_transpo"
 1222      73657273 
 1222      5C64616E 
 1222      61756B65 
 1222      735C636F 
 1223 0039 6E646572 		.ascii	"nder\\psoc\\Workspace01\\Design01.cydsn\000"
 1223      5C70736F 
 1223      635C576F 
 1223      726B7370 
 1223      61636530 
 1224              	.LASF16:
 1225 005e 63795F6D 		.ascii	"cy_metadata\000"
 1225      65746164 
 1225      61746100 
 1226              	.LASF1:
 1227 006a 756E7369 		.ascii	"unsigned char\000"
 1227      676E6564 
 1227      20636861 
 1227      7200
 1228              	.LASF17:
 1229 0078 474E5520 		.ascii	"GNU C11 5.4.1 20160609 (release) [ARM/embedded-5-br"
 1229      43313120 
 1229      352E342E 
ARM GAS  C:\Users\danaukes\AppData\Local\Temp\ccr7Pdgb.s 			page 23


 1229      31203230 
 1229      31363036 
 1230 00ab 616E6368 		.ascii	"anch revision 237715] -mcpu=cortex-m3 -mthumb -g -O"
 1230      20726576 
 1230      6973696F 
 1230      6E203233 
 1230      37373135 
 1231 00de 67202D66 		.ascii	"g -ffunction-sections -ffat-lto-objects\000"
 1231      66756E63 
 1231      74696F6E 
 1231      2D736563 
 1231      74696F6E 
 1232              	.LASF5:
 1233 0106 6C6F6E67 		.ascii	"long unsigned int\000"
 1233      20756E73 
 1233      69676E65 
 1233      6420696E 
 1233      7400
 1234              	.LASF3:
 1235 0118 73686F72 		.ascii	"short unsigned int\000"
 1235      7420756E 
 1235      7369676E 
 1235      65642069 
 1235      6E7400
 1236              	.LASF13:
 1237 012b 63795F6D 		.ascii	"cy_meta_custnvl\000"
 1237      6574615F 
 1237      63757374 
 1237      6E766C00 
 1238              	.LASF12:
 1239 013b 63795F6D 		.ascii	"cy_meta_configecc\000"
 1239      6574615F 
 1239      636F6E66 
 1239      69676563 
 1239      6300
 1240              	.LASF8:
 1241 014d 756E7369 		.ascii	"unsigned int\000"
 1241      676E6564 
 1241      20696E74 
 1241      00
 1242              	.LASF7:
 1243 015a 6C6F6E67 		.ascii	"long long unsigned int\000"
 1243      206C6F6E 
 1243      6720756E 
 1243      7369676E 
 1243      65642069 
 1244              	.LASF10:
 1245 0171 75696E74 		.ascii	"uint8_t\000"
 1245      385F7400 
 1246              	.LASF15:
 1247 0179 63795F6D 		.ascii	"cy_meta_flashprotect\000"
 1247      6574615F 
 1247      666C6173 
 1247      6870726F 
 1247      74656374 
 1248              	.LASF14:
 1249 018e 63795F6D 		.ascii	"cy_meta_wonvl\000"
ARM GAS  C:\Users\danaukes\AppData\Local\Temp\ccr7Pdgb.s 			page 24


 1249      6574615F 
 1249      776F6E76 
 1249      6C00
 1250              	.LASF11:
 1251 019c 73697A65 		.ascii	"sizetype\000"
 1251      74797065 
 1251      00
 1252              	.LASF6:
 1253 01a5 6C6F6E67 		.ascii	"long long int\000"
 1253      206C6F6E 
 1253      6720696E 
 1253      7400
 1254              	.LASF2:
 1255 01b3 73686F72 		.ascii	"short int\000"
 1255      7420696E 
 1255      7400
 1256              	.LASF4:
 1257 01bd 6C6F6E67 		.ascii	"long int\000"
 1257      20696E74 
 1257      00
 1258              	.LASF0:
 1259 01c6 7369676E 		.ascii	"signed char\000"
 1259      65642063 
 1259      68617200 
 1260              	.LASF18:
 1261 01d2 47656E65 		.ascii	"Generated_Source\\PSoC5\\cymetadata.c\000"
 1261      72617465 
 1261      645F536F 
 1261      75726365 
 1261      5C50536F 
 1262              		.ident	"GCC: (GNU Tools for ARM Embedded Processors) 5.4.1 20160609 (release) [ARM/embedded-5-bran
