ARM GAS  C:\Users\danaukes\AppData\Local\Temp\ccWjVuz5.s 			page 1


   1              		.syntax unified
   2              		.cpu cortex-m3
   3              		.fpu softvfp
   4              		.eabi_attribute 20, 1
   5              		.eabi_attribute 21, 1
   6              		.eabi_attribute 23, 3
   7              		.eabi_attribute 24, 1
   8              		.eabi_attribute 25, 1
   9              		.eabi_attribute 26, 1
  10              		.eabi_attribute 30, 1
  11              		.eabi_attribute 34, 1
  12              		.eabi_attribute 18, 4
  13              		.thumb
  14              		.syntax unified
  15              		.file	"main.c"
  16              		.text
  17              	.Ltext0:
  18              		.cfi_sections	.debug_frame
  19              		.section	.text.main,"ax",%progbits
  20              		.align	2
  21              		.global	main
  22              		.thumb
  23              		.thumb_func
  24              		.type	main, %function
  25              	main:
  26              	.LFB64:
  27              		.file 1 "main.c"
   1:main.c        **** /* ========================================
   2:main.c        ****  *
   3:main.c        ****  * Copyright YOUR COMPANY, THE YEAR
   4:main.c        ****  * All Rights Reserved
   5:main.c        ****  * UNPUBLISHED, LICENSED SOFTWARE.
   6:main.c        ****  *
   7:main.c        ****  * CONFIDENTIAL AND PROPRIETARY INFORMATION
   8:main.c        ****  * WHICH IS THE PROPERTY OF your company.
   9:main.c        ****  *
  10:main.c        ****  * ========================================
  11:main.c        **** */
  12:main.c        **** 
  13:main.c        **** //Include standard libraries
  14:main.c        **** #include <math.h>
  15:main.c        **** #include <stdio.h>
  16:main.c        **** #include "project.h"
  17:main.c        **** 
  18:main.c        **** char c;
  19:main.c        **** 
  20:main.c        **** uint8 pdata[64];
  21:main.c        **** uint16 len;
  22:main.c        **** 
  23:main.c        **** int main(void)
  24:main.c        **** {
  28              		.loc 1 24 0
  29              		.cfi_startproc
  30              		@ args = 0, pretend = 0, frame = 0
  31              		@ frame_needed = 0, uses_anonymous_args = 0
  32 0000 10B5     		push	{r4, lr}
  33              		.cfi_def_cfa_offset 8
ARM GAS  C:\Users\danaukes\AppData\Local\Temp\ccWjVuz5.s 			page 2


  34              		.cfi_offset 4, -8
  35              		.cfi_offset 14, -4
  25:main.c        ****     //the following code gets run once
  26:main.c        ****     
  27:main.c        ****     //enable global interrupts
  28:main.c        ****     CyGlobalIntEnable;
  36              		.loc 1 28 0
  37              		.syntax unified
  38              	@ 28 "main.c" 1
  39 0002 62B6     		CPSIE   i
  40              	@ 0 "" 2
  29:main.c        ****     //Start the USB subsystem
  30:main.c        ****     UART_photon_Start();
  41              		.loc 1 30 0
  42              		.thumb
  43              		.syntax unified
  44 0004 FFF7FEFF 		bl	UART_photon_Start
  45              	.LVL0:
  31:main.c        ****     myUSB_Start(0,myUSB_5V_OPERATION);
  46              		.loc 1 31 0
  47 0008 0121     		movs	r1, #1
  48 000a 0020     		movs	r0, #0
  49 000c FFF7FEFF 		bl	myUSB_Start
  50              	.LVL1:
  51              	.L2:
  32:main.c        ****     while(0 == myUSB_GetConfiguration())
  52              		.loc 1 32 0 discriminator 1
  53 0010 FFF7FEFF 		bl	myUSB_GetConfiguration
  54              	.LVL2:
  55 0014 0028     		cmp	r0, #0
  56 0016 FBD0     		beq	.L2
  33:main.c        ****     {
  34:main.c        ****     }
  35:main.c        ****     myUSB_CDC_Init();
  57              		.loc 1 35 0
  58 0018 FFF7FEFF 		bl	myUSB_CDC_Init
  59              	.LVL3:
  60              	.L4:
  36:main.c        ****     
  37:main.c        **** 
  38:main.c        ****     for(;;)
  39:main.c        ****     {
  40:main.c        ****         //wait until myUSB subsystem is ready
  41:main.c        ****         //write message to USB
  42:main.c        **** 
  43:main.c        ****         
  44:main.c        ****         if (UART_photon_RX_BUFFER_SIZE>0)
  45:main.c        ****         {
  46:main.c        ****             c = UART_photon_GetChar();
  61              		.loc 1 46 0
  62 001c FFF7FEFF 		bl	UART_photon_GetChar
  63              	.LVL4:
  64 0020 134B     		ldr	r3, .L10
  65 0022 1870     		strb	r0, [r3]
  66              	.L3:
  47:main.c        ****             while (!myUSB_CDCIsReady());
  67              		.loc 1 47 0 discriminator 1
ARM GAS  C:\Users\danaukes\AppData\Local\Temp\ccWjVuz5.s 			page 3


  68 0024 FFF7FEFF 		bl	myUSB_CDCIsReady
  69              	.LVL5:
  70 0028 0028     		cmp	r0, #0
  71 002a FBD0     		beq	.L3
  48:main.c        ****             myUSB_PutChar(c);
  72              		.loc 1 48 0
  73 002c 104B     		ldr	r3, .L10
  74 002e 1878     		ldrb	r0, [r3]	@ zero_extendqisi2
  75 0030 FFF7FEFF 		bl	myUSB_PutChar
  76              	.LVL6:
  49:main.c        ****         }
  50:main.c        ****         if (myUSB_DataIsReady())
  77              		.loc 1 50 0
  78 0034 FFF7FEFF 		bl	myUSB_DataIsReady
  79              	.LVL7:
  80 0038 0028     		cmp	r0, #0
  81 003a EFD0     		beq	.L4
  51:main.c        ****         {
  52:main.c        ****             len = myUSB_GetCount();
  82              		.loc 1 52 0
  83 003c FFF7FEFF 		bl	myUSB_GetCount
  84              	.LVL8:
  85 0040 0C4B     		ldr	r3, .L10+4
  86 0042 1880     		strh	r0, [r3]	@ movhi
  53:main.c        ****             if (len>64) len=64;
  87              		.loc 1 53 0
  88 0044 4028     		cmp	r0, #64
  89 0046 01D9     		bls	.L5
  90              		.loc 1 53 0 is_stmt 0 discriminator 1
  91 0048 4022     		movs	r2, #64
  92 004a 1A80     		strh	r2, [r3]	@ movhi
  93              	.L5:
  54:main.c        ****             len = myUSB_GetData(pdata,len);
  94              		.loc 1 54 0 is_stmt 1
  95 004c 094C     		ldr	r4, .L10+4
  96 004e 2188     		ldrh	r1, [r4]
  97 0050 0948     		ldr	r0, .L10+8
  98 0052 FFF7FEFF 		bl	myUSB_GetData
  99              	.LVL9:
 100 0056 2080     		strh	r0, [r4]	@ movhi
 101              	.LVL10:
 102              	.LBB2:
  55:main.c        ****             for (int jj=0;jj<len;jj++)
 103              		.loc 1 55 0
 104 0058 0024     		movs	r4, #0
 105 005a 04E0     		b	.L6
 106              	.LVL11:
 107              	.L7:
  56:main.c        ****             {
  57:main.c        ****                 //while (!myUSB_CDCIsReady());
  58:main.c        ****                 //myUSB_PutChar(pdata[jj]);
  59:main.c        ****                 UART_photon_PutChar(pdata[jj]);
 108              		.loc 1 59 0 discriminator 3
 109 005c 064B     		ldr	r3, .L10+8
 110 005e 185D     		ldrb	r0, [r3, r4]	@ zero_extendqisi2
 111 0060 FFF7FEFF 		bl	UART_photon_PutChar
 112              	.LVL12:
ARM GAS  C:\Users\danaukes\AppData\Local\Temp\ccWjVuz5.s 			page 4


  55:main.c        ****             for (int jj=0;jj<len;jj++)
 113              		.loc 1 55 0 discriminator 3
 114 0064 0134     		adds	r4, r4, #1
 115              	.LVL13:
 116              	.L6:
  55:main.c        ****             for (int jj=0;jj<len;jj++)
 117              		.loc 1 55 0 is_stmt 0 discriminator 1
 118 0066 034B     		ldr	r3, .L10+4
 119 0068 1B88     		ldrh	r3, [r3]
 120 006a 9C42     		cmp	r4, r3
 121 006c F6DB     		blt	.L7
 122 006e D5E7     		b	.L4
 123              	.L11:
 124              		.align	2
 125              	.L10:
 126 0070 00000000 		.word	c
 127 0074 00000000 		.word	len
 128 0078 00000000 		.word	pdata
 129              	.LBE2:
 130              		.cfi_endproc
 131              	.LFE64:
 132              		.size	main, .-main
 133              		.comm	len,2,2
 134              		.comm	pdata,64,4
 135              		.comm	c,1,1
 136              		.text
 137              	.Letext0:
 138              		.file 2 "c:\\program files (x86)\\cypress\\psoc creator\\4.3\\psoc creator\\import\\gnu\\arm\\5.4.
 139              		.file 3 "c:\\program files (x86)\\cypress\\psoc creator\\4.3\\psoc creator\\import\\gnu\\arm\\5.4.
 140              		.file 4 "Generated_Source\\PSoC5/cytypes.h"
 141              		.file 5 "Generated_Source\\PSoC5/core_cm3.h"
 142              		.file 6 "Generated_Source\\PSoC5/UART_photon.h"
 143              		.file 7 "Generated_Source\\PSoC5/myUSB.h"
 144              		.file 8 "Generated_Source\\PSoC5/myUSB_cdc.h"
 145              		.section	.debug_info,"",%progbits
 146              	.Ldebug_info0:
 147 0000 38020000 		.4byte	0x238
 148 0004 0400     		.2byte	0x4
 149 0006 00000000 		.4byte	.Ldebug_abbrev0
 150 000a 04       		.byte	0x4
 151 000b 01       		.uleb128 0x1
 152 000c 4A000000 		.4byte	.LASF31
 153 0010 0C       		.byte	0xc
 154 0011 B4010000 		.4byte	.LASF32
 155 0015 CE010000 		.4byte	.LASF33
 156 0019 00000000 		.4byte	.Ldebug_ranges0+0
 157 001d 00000000 		.4byte	0
 158 0021 00000000 		.4byte	.Ldebug_line0
 159 0025 02       		.uleb128 0x2
 160 0026 04       		.byte	0x4
 161 0027 05       		.byte	0x5
 162 0028 696E7400 		.ascii	"int\000"
 163 002c 03       		.uleb128 0x3
 164 002d 04       		.byte	0x4
 165 002e 07       		.byte	0x7
 166 002f 47010000 		.4byte	.LASF0
 167 0033 03       		.uleb128 0x3
ARM GAS  C:\Users\danaukes\AppData\Local\Temp\ccWjVuz5.s 			page 5


 168 0034 08       		.byte	0x8
 169 0035 05       		.byte	0x5
 170 0036 A6010000 		.4byte	.LASF1
 171 003a 03       		.uleb128 0x3
 172 003b 08       		.byte	0x8
 173 003c 04       		.byte	0x4
 174 003d 5E020000 		.4byte	.LASF2
 175 0041 03       		.uleb128 0x3
 176 0042 01       		.byte	0x1
 177 0043 06       		.byte	0x6
 178 0044 30000000 		.4byte	.LASF3
 179 0048 03       		.uleb128 0x3
 180 0049 01       		.byte	0x1
 181 004a 08       		.byte	0x8
 182 004b 3C000000 		.4byte	.LASF4
 183 004f 03       		.uleb128 0x3
 184 0050 02       		.byte	0x2
 185 0051 05       		.byte	0x5
 186 0052 23010000 		.4byte	.LASF5
 187 0056 03       		.uleb128 0x3
 188 0057 02       		.byte	0x2
 189 0058 07       		.byte	0x7
 190 0059 EA000000 		.4byte	.LASF6
 191 005d 04       		.uleb128 0x4
 192 005e 18000000 		.4byte	.LASF14
 193 0062 02       		.byte	0x2
 194 0063 3F       		.byte	0x3f
 195 0064 68000000 		.4byte	0x68
 196 0068 03       		.uleb128 0x3
 197 0069 04       		.byte	0x4
 198 006a 05       		.byte	0x5
 199 006b 44020000 		.4byte	.LASF7
 200 006f 03       		.uleb128 0x3
 201 0070 04       		.byte	0x4
 202 0071 07       		.byte	0x7
 203 0072 D8000000 		.4byte	.LASF8
 204 0076 03       		.uleb128 0x3
 205 0077 08       		.byte	0x8
 206 0078 07       		.byte	0x7
 207 0079 6B010000 		.4byte	.LASF9
 208 007d 03       		.uleb128 0x3
 209 007e 04       		.byte	0x4
 210 007f 07       		.byte	0x7
 211 0080 9D010000 		.4byte	.LASF10
 212 0084 03       		.uleb128 0x3
 213 0085 01       		.byte	0x1
 214 0086 08       		.byte	0x8
 215 0087 BB010000 		.4byte	.LASF11
 216 008b 03       		.uleb128 0x3
 217 008c 08       		.byte	0x8
 218 008d 04       		.byte	0x4
 219 008e 0A010000 		.4byte	.LASF12
 220 0092 03       		.uleb128 0x3
 221 0093 04       		.byte	0x4
 222 0094 04       		.byte	0x4
 223 0095 2A000000 		.4byte	.LASF13
 224 0099 04       		.uleb128 0x4
ARM GAS  C:\Users\danaukes\AppData\Local\Temp\ccWjVuz5.s 			page 6


 225 009a 22000000 		.4byte	.LASF15
 226 009e 03       		.byte	0x3
 227 009f 2C       		.byte	0x2c
 228 00a0 5D000000 		.4byte	0x5d
 229 00a4 05       		.uleb128 0x5
 230 00a5 2F020000 		.4byte	.LASF16
 231 00a9 04       		.byte	0x4
 232 00aa E401     		.2byte	0x1e4
 233 00ac 48000000 		.4byte	0x48
 234 00b0 05       		.uleb128 0x5
 235 00b1 2D010000 		.4byte	.LASF17
 236 00b5 04       		.byte	0x4
 237 00b6 E501     		.2byte	0x1e5
 238 00b8 56000000 		.4byte	0x56
 239 00bc 06       		.uleb128 0x6
 240 00bd 42010000 		.4byte	.LASF34
 241 00c1 01       		.byte	0x1
 242 00c2 17       		.byte	0x17
 243 00c3 25000000 		.4byte	0x25
 244 00c7 00000000 		.4byte	.LFB64
 245 00cb 7C000000 		.4byte	.LFE64-.LFB64
 246 00cf 01       		.uleb128 0x1
 247 00d0 9C       		.byte	0x9c
 248 00d1 6E010000 		.4byte	0x16e
 249 00d5 07       		.uleb128 0x7
 250 00d6 58000000 		.4byte	.LBB2
 251 00da 24000000 		.4byte	.LBE2-.LBB2
 252 00de FA000000 		.4byte	0xfa
 253 00e2 08       		.uleb128 0x8
 254 00e3 6A6A00   		.ascii	"jj\000"
 255 00e6 01       		.byte	0x1
 256 00e7 37       		.byte	0x37
 257 00e8 25000000 		.4byte	0x25
 258 00ec 00000000 		.4byte	.LLST0
 259 00f0 09       		.uleb128 0x9
 260 00f1 64000000 		.4byte	.LVL12
 261 00f5 C0010000 		.4byte	0x1c0
 262 00f9 00       		.byte	0
 263 00fa 09       		.uleb128 0x9
 264 00fb 08000000 		.4byte	.LVL0
 265 00ff CB010000 		.4byte	0x1cb
 266 0103 0A       		.uleb128 0xa
 267 0104 10000000 		.4byte	.LVL1
 268 0108 D6010000 		.4byte	0x1d6
 269 010c 1B010000 		.4byte	0x11b
 270 0110 0B       		.uleb128 0xb
 271 0111 01       		.uleb128 0x1
 272 0112 50       		.byte	0x50
 273 0113 01       		.uleb128 0x1
 274 0114 30       		.byte	0x30
 275 0115 0B       		.uleb128 0xb
 276 0116 01       		.uleb128 0x1
 277 0117 51       		.byte	0x51
 278 0118 01       		.uleb128 0x1
 279 0119 31       		.byte	0x31
 280 011a 00       		.byte	0
 281 011b 09       		.uleb128 0x9
ARM GAS  C:\Users\danaukes\AppData\Local\Temp\ccWjVuz5.s 			page 7


 282 011c 14000000 		.4byte	.LVL2
 283 0120 E2010000 		.4byte	0x1e2
 284 0124 09       		.uleb128 0x9
 285 0125 1C000000 		.4byte	.LVL3
 286 0129 EE010000 		.4byte	0x1ee
 287 012d 09       		.uleb128 0x9
 288 012e 20000000 		.4byte	.LVL4
 289 0132 F9010000 		.4byte	0x1f9
 290 0136 09       		.uleb128 0x9
 291 0137 28000000 		.4byte	.LVL5
 292 013b 04020000 		.4byte	0x204
 293 013f 09       		.uleb128 0x9
 294 0140 34000000 		.4byte	.LVL6
 295 0144 0F020000 		.4byte	0x20f
 296 0148 09       		.uleb128 0x9
 297 0149 38000000 		.4byte	.LVL7
 298 014d 1A020000 		.4byte	0x21a
 299 0151 09       		.uleb128 0x9
 300 0152 40000000 		.4byte	.LVL8
 301 0156 25020000 		.4byte	0x225
 302 015a 0C       		.uleb128 0xc
 303 015b 56000000 		.4byte	.LVL9
 304 015f 30020000 		.4byte	0x230
 305 0163 0B       		.uleb128 0xb
 306 0164 01       		.uleb128 0x1
 307 0165 50       		.byte	0x50
 308 0166 05       		.uleb128 0x5
 309 0167 03       		.byte	0x3
 310 0168 00000000 		.4byte	pdata
 311 016c 00       		.byte	0
 312 016d 00       		.byte	0
 313 016e 0D       		.uleb128 0xd
 314 016f FD000000 		.4byte	.LASF18
 315 0173 05       		.byte	0x5
 316 0174 1207     		.2byte	0x712
 317 0176 7A010000 		.4byte	0x17a
 318 017a 0E       		.uleb128 0xe
 319 017b 99000000 		.4byte	0x99
 320 017f 0F       		.uleb128 0xf
 321 0180 6300     		.ascii	"c\000"
 322 0182 01       		.byte	0x1
 323 0183 12       		.byte	0x12
 324 0184 84000000 		.4byte	0x84
 325 0188 05       		.uleb128 0x5
 326 0189 03       		.byte	0x3
 327 018a 00000000 		.4byte	c
 328 018e 10       		.uleb128 0x10
 329 018f A4000000 		.4byte	0xa4
 330 0193 9E010000 		.4byte	0x19e
 331 0197 11       		.uleb128 0x11
 332 0198 7D000000 		.4byte	0x7d
 333 019c 3F       		.byte	0x3f
 334 019d 00       		.byte	0
 335 019e 12       		.uleb128 0x12
 336 019f 00000000 		.4byte	.LASF19
 337 01a3 01       		.byte	0x1
 338 01a4 14       		.byte	0x14
ARM GAS  C:\Users\danaukes\AppData\Local\Temp\ccWjVuz5.s 			page 8


 339 01a5 8E010000 		.4byte	0x18e
 340 01a9 05       		.uleb128 0x5
 341 01aa 03       		.byte	0x3
 342 01ab 00000000 		.4byte	pdata
 343 01af 0F       		.uleb128 0xf
 344 01b0 6C656E00 		.ascii	"len\000"
 345 01b4 01       		.byte	0x1
 346 01b5 15       		.byte	0x15
 347 01b6 B0000000 		.4byte	0xb0
 348 01ba 05       		.uleb128 0x5
 349 01bb 03       		.byte	0x3
 350 01bc 00000000 		.4byte	len
 351 01c0 13       		.uleb128 0x13
 352 01c1 6A020000 		.4byte	.LASF20
 353 01c5 6A020000 		.4byte	.LASF20
 354 01c9 06       		.byte	0x6
 355 01ca 8A       		.byte	0x8a
 356 01cb 13       		.uleb128 0x13
 357 01cc 11010000 		.4byte	.LASF21
 358 01d0 11010000 		.4byte	.LASF21
 359 01d4 06       		.byte	0x6
 360 01d5 54       		.byte	0x54
 361 01d6 14       		.uleb128 0x14
 362 01d7 82010000 		.4byte	.LASF22
 363 01db 82010000 		.4byte	.LASF22
 364 01df 07       		.byte	0x7
 365 01e0 2A01     		.2byte	0x12a
 366 01e2 14       		.uleb128 0x14
 367 01e3 54010000 		.4byte	.LASF23
 368 01e7 54010000 		.4byte	.LASF23
 369 01eb 07       		.byte	0x7
 370 01ec 2D01     		.2byte	0x12d
 371 01ee 13       		.uleb128 0x13
 372 01ef 35020000 		.4byte	.LASF24
 373 01f3 35020000 		.4byte	.LASF24
 374 01f7 08       		.byte	0x8
 375 01f8 22       		.byte	0x22
 376 01f9 13       		.uleb128 0x13
 377 01fa 7E020000 		.4byte	.LASF25
 378 01fe 7E020000 		.4byte	.LASF25
 379 0202 06       		.byte	0x6
 380 0203 71       		.byte	0x71
 381 0204 13       		.uleb128 0x13
 382 0205 4D020000 		.4byte	.LASF26
 383 0209 4D020000 		.4byte	.LASF26
 384 020d 08       		.byte	0x8
 385 020e 28       		.byte	0x28
 386 020f 13       		.uleb128 0x13
 387 0210 C0010000 		.4byte	.LASF27
 388 0214 C0010000 		.4byte	.LASF27
 389 0218 08       		.byte	0x8
 390 0219 25       		.byte	0x25
 391 021a 13       		.uleb128 0x13
 392 021b 06000000 		.4byte	.LASF28
 393 021f 06000000 		.4byte	.LASF28
 394 0223 08       		.byte	0x8
 395 0224 29       		.byte	0x29
ARM GAS  C:\Users\danaukes\AppData\Local\Temp\ccWjVuz5.s 			page 9


 396 0225 13       		.uleb128 0x13
 397 0226 8E010000 		.4byte	.LASF29
 398 022a 8E010000 		.4byte	.LASF29
 399 022e 08       		.byte	0x8
 400 022f 27       		.byte	0x27
 401 0230 13       		.uleb128 0x13
 402 0231 34010000 		.4byte	.LASF30
 403 0235 34010000 		.4byte	.LASF30
 404 0239 08       		.byte	0x8
 405 023a 2A       		.byte	0x2a
 406 023b 00       		.byte	0
 407              		.section	.debug_abbrev,"",%progbits
 408              	.Ldebug_abbrev0:
 409 0000 01       		.uleb128 0x1
 410 0001 11       		.uleb128 0x11
 411 0002 01       		.byte	0x1
 412 0003 25       		.uleb128 0x25
 413 0004 0E       		.uleb128 0xe
 414 0005 13       		.uleb128 0x13
 415 0006 0B       		.uleb128 0xb
 416 0007 03       		.uleb128 0x3
 417 0008 0E       		.uleb128 0xe
 418 0009 1B       		.uleb128 0x1b
 419 000a 0E       		.uleb128 0xe
 420 000b 55       		.uleb128 0x55
 421 000c 17       		.uleb128 0x17
 422 000d 11       		.uleb128 0x11
 423 000e 01       		.uleb128 0x1
 424 000f 10       		.uleb128 0x10
 425 0010 17       		.uleb128 0x17
 426 0011 00       		.byte	0
 427 0012 00       		.byte	0
 428 0013 02       		.uleb128 0x2
 429 0014 24       		.uleb128 0x24
 430 0015 00       		.byte	0
 431 0016 0B       		.uleb128 0xb
 432 0017 0B       		.uleb128 0xb
 433 0018 3E       		.uleb128 0x3e
 434 0019 0B       		.uleb128 0xb
 435 001a 03       		.uleb128 0x3
 436 001b 08       		.uleb128 0x8
 437 001c 00       		.byte	0
 438 001d 00       		.byte	0
 439 001e 03       		.uleb128 0x3
 440 001f 24       		.uleb128 0x24
 441 0020 00       		.byte	0
 442 0021 0B       		.uleb128 0xb
 443 0022 0B       		.uleb128 0xb
 444 0023 3E       		.uleb128 0x3e
 445 0024 0B       		.uleb128 0xb
 446 0025 03       		.uleb128 0x3
 447 0026 0E       		.uleb128 0xe
 448 0027 00       		.byte	0
 449 0028 00       		.byte	0
 450 0029 04       		.uleb128 0x4
 451 002a 16       		.uleb128 0x16
 452 002b 00       		.byte	0
ARM GAS  C:\Users\danaukes\AppData\Local\Temp\ccWjVuz5.s 			page 10


 453 002c 03       		.uleb128 0x3
 454 002d 0E       		.uleb128 0xe
 455 002e 3A       		.uleb128 0x3a
 456 002f 0B       		.uleb128 0xb
 457 0030 3B       		.uleb128 0x3b
 458 0031 0B       		.uleb128 0xb
 459 0032 49       		.uleb128 0x49
 460 0033 13       		.uleb128 0x13
 461 0034 00       		.byte	0
 462 0035 00       		.byte	0
 463 0036 05       		.uleb128 0x5
 464 0037 16       		.uleb128 0x16
 465 0038 00       		.byte	0
 466 0039 03       		.uleb128 0x3
 467 003a 0E       		.uleb128 0xe
 468 003b 3A       		.uleb128 0x3a
 469 003c 0B       		.uleb128 0xb
 470 003d 3B       		.uleb128 0x3b
 471 003e 05       		.uleb128 0x5
 472 003f 49       		.uleb128 0x49
 473 0040 13       		.uleb128 0x13
 474 0041 00       		.byte	0
 475 0042 00       		.byte	0
 476 0043 06       		.uleb128 0x6
 477 0044 2E       		.uleb128 0x2e
 478 0045 01       		.byte	0x1
 479 0046 3F       		.uleb128 0x3f
 480 0047 19       		.uleb128 0x19
 481 0048 03       		.uleb128 0x3
 482 0049 0E       		.uleb128 0xe
 483 004a 3A       		.uleb128 0x3a
 484 004b 0B       		.uleb128 0xb
 485 004c 3B       		.uleb128 0x3b
 486 004d 0B       		.uleb128 0xb
 487 004e 27       		.uleb128 0x27
 488 004f 19       		.uleb128 0x19
 489 0050 49       		.uleb128 0x49
 490 0051 13       		.uleb128 0x13
 491 0052 8701     		.uleb128 0x87
 492 0054 19       		.uleb128 0x19
 493 0055 11       		.uleb128 0x11
 494 0056 01       		.uleb128 0x1
 495 0057 12       		.uleb128 0x12
 496 0058 06       		.uleb128 0x6
 497 0059 40       		.uleb128 0x40
 498 005a 18       		.uleb128 0x18
 499 005b 9742     		.uleb128 0x2117
 500 005d 19       		.uleb128 0x19
 501 005e 01       		.uleb128 0x1
 502 005f 13       		.uleb128 0x13
 503 0060 00       		.byte	0
 504 0061 00       		.byte	0
 505 0062 07       		.uleb128 0x7
 506 0063 0B       		.uleb128 0xb
 507 0064 01       		.byte	0x1
 508 0065 11       		.uleb128 0x11
 509 0066 01       		.uleb128 0x1
ARM GAS  C:\Users\danaukes\AppData\Local\Temp\ccWjVuz5.s 			page 11


 510 0067 12       		.uleb128 0x12
 511 0068 06       		.uleb128 0x6
 512 0069 01       		.uleb128 0x1
 513 006a 13       		.uleb128 0x13
 514 006b 00       		.byte	0
 515 006c 00       		.byte	0
 516 006d 08       		.uleb128 0x8
 517 006e 34       		.uleb128 0x34
 518 006f 00       		.byte	0
 519 0070 03       		.uleb128 0x3
 520 0071 08       		.uleb128 0x8
 521 0072 3A       		.uleb128 0x3a
 522 0073 0B       		.uleb128 0xb
 523 0074 3B       		.uleb128 0x3b
 524 0075 0B       		.uleb128 0xb
 525 0076 49       		.uleb128 0x49
 526 0077 13       		.uleb128 0x13
 527 0078 02       		.uleb128 0x2
 528 0079 17       		.uleb128 0x17
 529 007a 00       		.byte	0
 530 007b 00       		.byte	0
 531 007c 09       		.uleb128 0x9
 532 007d 898201   		.uleb128 0x4109
 533 0080 00       		.byte	0
 534 0081 11       		.uleb128 0x11
 535 0082 01       		.uleb128 0x1
 536 0083 31       		.uleb128 0x31
 537 0084 13       		.uleb128 0x13
 538 0085 00       		.byte	0
 539 0086 00       		.byte	0
 540 0087 0A       		.uleb128 0xa
 541 0088 898201   		.uleb128 0x4109
 542 008b 01       		.byte	0x1
 543 008c 11       		.uleb128 0x11
 544 008d 01       		.uleb128 0x1
 545 008e 31       		.uleb128 0x31
 546 008f 13       		.uleb128 0x13
 547 0090 01       		.uleb128 0x1
 548 0091 13       		.uleb128 0x13
 549 0092 00       		.byte	0
 550 0093 00       		.byte	0
 551 0094 0B       		.uleb128 0xb
 552 0095 8A8201   		.uleb128 0x410a
 553 0098 00       		.byte	0
 554 0099 02       		.uleb128 0x2
 555 009a 18       		.uleb128 0x18
 556 009b 9142     		.uleb128 0x2111
 557 009d 18       		.uleb128 0x18
 558 009e 00       		.byte	0
 559 009f 00       		.byte	0
 560 00a0 0C       		.uleb128 0xc
 561 00a1 898201   		.uleb128 0x4109
 562 00a4 01       		.byte	0x1
 563 00a5 11       		.uleb128 0x11
 564 00a6 01       		.uleb128 0x1
 565 00a7 31       		.uleb128 0x31
 566 00a8 13       		.uleb128 0x13
ARM GAS  C:\Users\danaukes\AppData\Local\Temp\ccWjVuz5.s 			page 12


 567 00a9 00       		.byte	0
 568 00aa 00       		.byte	0
 569 00ab 0D       		.uleb128 0xd
 570 00ac 34       		.uleb128 0x34
 571 00ad 00       		.byte	0
 572 00ae 03       		.uleb128 0x3
 573 00af 0E       		.uleb128 0xe
 574 00b0 3A       		.uleb128 0x3a
 575 00b1 0B       		.uleb128 0xb
 576 00b2 3B       		.uleb128 0x3b
 577 00b3 05       		.uleb128 0x5
 578 00b4 49       		.uleb128 0x49
 579 00b5 13       		.uleb128 0x13
 580 00b6 3F       		.uleb128 0x3f
 581 00b7 19       		.uleb128 0x19
 582 00b8 3C       		.uleb128 0x3c
 583 00b9 19       		.uleb128 0x19
 584 00ba 00       		.byte	0
 585 00bb 00       		.byte	0
 586 00bc 0E       		.uleb128 0xe
 587 00bd 35       		.uleb128 0x35
 588 00be 00       		.byte	0
 589 00bf 49       		.uleb128 0x49
 590 00c0 13       		.uleb128 0x13
 591 00c1 00       		.byte	0
 592 00c2 00       		.byte	0
 593 00c3 0F       		.uleb128 0xf
 594 00c4 34       		.uleb128 0x34
 595 00c5 00       		.byte	0
 596 00c6 03       		.uleb128 0x3
 597 00c7 08       		.uleb128 0x8
 598 00c8 3A       		.uleb128 0x3a
 599 00c9 0B       		.uleb128 0xb
 600 00ca 3B       		.uleb128 0x3b
 601 00cb 0B       		.uleb128 0xb
 602 00cc 49       		.uleb128 0x49
 603 00cd 13       		.uleb128 0x13
 604 00ce 3F       		.uleb128 0x3f
 605 00cf 19       		.uleb128 0x19
 606 00d0 02       		.uleb128 0x2
 607 00d1 18       		.uleb128 0x18
 608 00d2 00       		.byte	0
 609 00d3 00       		.byte	0
 610 00d4 10       		.uleb128 0x10
 611 00d5 01       		.uleb128 0x1
 612 00d6 01       		.byte	0x1
 613 00d7 49       		.uleb128 0x49
 614 00d8 13       		.uleb128 0x13
 615 00d9 01       		.uleb128 0x1
 616 00da 13       		.uleb128 0x13
 617 00db 00       		.byte	0
 618 00dc 00       		.byte	0
 619 00dd 11       		.uleb128 0x11
 620 00de 21       		.uleb128 0x21
 621 00df 00       		.byte	0
 622 00e0 49       		.uleb128 0x49
 623 00e1 13       		.uleb128 0x13
ARM GAS  C:\Users\danaukes\AppData\Local\Temp\ccWjVuz5.s 			page 13


 624 00e2 2F       		.uleb128 0x2f
 625 00e3 0B       		.uleb128 0xb
 626 00e4 00       		.byte	0
 627 00e5 00       		.byte	0
 628 00e6 12       		.uleb128 0x12
 629 00e7 34       		.uleb128 0x34
 630 00e8 00       		.byte	0
 631 00e9 03       		.uleb128 0x3
 632 00ea 0E       		.uleb128 0xe
 633 00eb 3A       		.uleb128 0x3a
 634 00ec 0B       		.uleb128 0xb
 635 00ed 3B       		.uleb128 0x3b
 636 00ee 0B       		.uleb128 0xb
 637 00ef 49       		.uleb128 0x49
 638 00f0 13       		.uleb128 0x13
 639 00f1 3F       		.uleb128 0x3f
 640 00f2 19       		.uleb128 0x19
 641 00f3 02       		.uleb128 0x2
 642 00f4 18       		.uleb128 0x18
 643 00f5 00       		.byte	0
 644 00f6 00       		.byte	0
 645 00f7 13       		.uleb128 0x13
 646 00f8 2E       		.uleb128 0x2e
 647 00f9 00       		.byte	0
 648 00fa 3F       		.uleb128 0x3f
 649 00fb 19       		.uleb128 0x19
 650 00fc 3C       		.uleb128 0x3c
 651 00fd 19       		.uleb128 0x19
 652 00fe 6E       		.uleb128 0x6e
 653 00ff 0E       		.uleb128 0xe
 654 0100 03       		.uleb128 0x3
 655 0101 0E       		.uleb128 0xe
 656 0102 3A       		.uleb128 0x3a
 657 0103 0B       		.uleb128 0xb
 658 0104 3B       		.uleb128 0x3b
 659 0105 0B       		.uleb128 0xb
 660 0106 00       		.byte	0
 661 0107 00       		.byte	0
 662 0108 14       		.uleb128 0x14
 663 0109 2E       		.uleb128 0x2e
 664 010a 00       		.byte	0
 665 010b 3F       		.uleb128 0x3f
 666 010c 19       		.uleb128 0x19
 667 010d 3C       		.uleb128 0x3c
 668 010e 19       		.uleb128 0x19
 669 010f 6E       		.uleb128 0x6e
 670 0110 0E       		.uleb128 0xe
 671 0111 03       		.uleb128 0x3
 672 0112 0E       		.uleb128 0xe
 673 0113 3A       		.uleb128 0x3a
 674 0114 0B       		.uleb128 0xb
 675 0115 3B       		.uleb128 0x3b
 676 0116 05       		.uleb128 0x5
 677 0117 00       		.byte	0
 678 0118 00       		.byte	0
 679 0119 00       		.byte	0
 680              		.section	.debug_loc,"",%progbits
ARM GAS  C:\Users\danaukes\AppData\Local\Temp\ccWjVuz5.s 			page 14


 681              	.Ldebug_loc0:
 682              	.LLST0:
 683 0000 58000000 		.4byte	.LVL10
 684 0004 5C000000 		.4byte	.LVL11
 685 0008 0200     		.2byte	0x2
 686 000a 30       		.byte	0x30
 687 000b 9F       		.byte	0x9f
 688 000c 5C000000 		.4byte	.LVL11
 689 0010 7C000000 		.4byte	.LFE64
 690 0014 0100     		.2byte	0x1
 691 0016 54       		.byte	0x54
 692 0017 00000000 		.4byte	0
 693 001b 00000000 		.4byte	0
 694              		.section	.debug_aranges,"",%progbits
 695 0000 1C000000 		.4byte	0x1c
 696 0004 0200     		.2byte	0x2
 697 0006 00000000 		.4byte	.Ldebug_info0
 698 000a 04       		.byte	0x4
 699 000b 00       		.byte	0
 700 000c 0000     		.2byte	0
 701 000e 0000     		.2byte	0
 702 0010 00000000 		.4byte	.LFB64
 703 0014 7C000000 		.4byte	.LFE64-.LFB64
 704 0018 00000000 		.4byte	0
 705 001c 00000000 		.4byte	0
 706              		.section	.debug_ranges,"",%progbits
 707              	.Ldebug_ranges0:
 708 0000 00000000 		.4byte	.LFB64
 709 0004 7C000000 		.4byte	.LFE64
 710 0008 00000000 		.4byte	0
 711 000c 00000000 		.4byte	0
 712              		.section	.debug_line,"",%progbits
 713              	.Ldebug_line0:
 714 0000 BA010000 		.section	.debug_str,"MS",%progbits,1
 714      02007701 
 714      00000201 
 714      FB0E0D00 
 714      01010101 
 715              	.LASF19:
 716 0000 70646174 		.ascii	"pdata\000"
 716      6100
 717              	.LASF28:
 718 0006 6D795553 		.ascii	"myUSB_DataIsReady\000"
 718      425F4461 
 718      74614973 
 718      52656164 
 718      7900
 719              	.LASF14:
 720 0018 5F5F696E 		.ascii	"__int32_t\000"
 720      7433325F 
 720      7400
 721              	.LASF15:
 722 0022 696E7433 		.ascii	"int32_t\000"
 722      325F7400 
 723              	.LASF13:
 724 002a 666C6F61 		.ascii	"float\000"
 724      7400
ARM GAS  C:\Users\danaukes\AppData\Local\Temp\ccWjVuz5.s 			page 15


 725              	.LASF3:
 726 0030 7369676E 		.ascii	"signed char\000"
 726      65642063 
 726      68617200 
 727              	.LASF4:
 728 003c 756E7369 		.ascii	"unsigned char\000"
 728      676E6564 
 728      20636861 
 728      7200
 729              	.LASF31:
 730 004a 474E5520 		.ascii	"GNU C11 5.4.1 20160609 (release) [ARM/embedded-5-br"
 730      43313120 
 730      352E342E 
 730      31203230 
 730      31363036 
 731 007d 616E6368 		.ascii	"anch revision 237715] -mcpu=cortex-m3 -mthumb -g -O"
 731      20726576 
 731      6973696F 
 731      6E203233 
 731      37373135 
 732 00b0 67202D66 		.ascii	"g -ffunction-sections -ffat-lto-objects\000"
 732      66756E63 
 732      74696F6E 
 732      2D736563 
 732      74696F6E 
 733              	.LASF8:
 734 00d8 6C6F6E67 		.ascii	"long unsigned int\000"
 734      20756E73 
 734      69676E65 
 734      6420696E 
 734      7400
 735              	.LASF6:
 736 00ea 73686F72 		.ascii	"short unsigned int\000"
 736      7420756E 
 736      7369676E 
 736      65642069 
 736      6E7400
 737              	.LASF18:
 738 00fd 49544D5F 		.ascii	"ITM_RxBuffer\000"
 738      52784275 
 738      66666572 
 738      00
 739              	.LASF12:
 740 010a 646F7562 		.ascii	"double\000"
 740      6C6500
 741              	.LASF21:
 742 0111 55415254 		.ascii	"UART_photon_Start\000"
 742      5F70686F 
 742      746F6E5F 
 742      53746172 
 742      7400
 743              	.LASF5:
 744 0123 73686F72 		.ascii	"short int\000"
 744      7420696E 
 744      7400
 745              	.LASF17:
 746 012d 75696E74 		.ascii	"uint16\000"
ARM GAS  C:\Users\danaukes\AppData\Local\Temp\ccWjVuz5.s 			page 16


 746      313600
 747              	.LASF30:
 748 0134 6D795553 		.ascii	"myUSB_GetData\000"
 748      425F4765 
 748      74446174 
 748      6100
 749              	.LASF34:
 750 0142 6D61696E 		.ascii	"main\000"
 750      00
 751              	.LASF0:
 752 0147 756E7369 		.ascii	"unsigned int\000"
 752      676E6564 
 752      20696E74 
 752      00
 753              	.LASF23:
 754 0154 6D795553 		.ascii	"myUSB_GetConfiguration\000"
 754      425F4765 
 754      74436F6E 
 754      66696775 
 754      72617469 
 755              	.LASF9:
 756 016b 6C6F6E67 		.ascii	"long long unsigned int\000"
 756      206C6F6E 
 756      6720756E 
 756      7369676E 
 756      65642069 
 757              	.LASF22:
 758 0182 6D795553 		.ascii	"myUSB_Start\000"
 758      425F5374 
 758      61727400 
 759              	.LASF29:
 760 018e 6D795553 		.ascii	"myUSB_GetCount\000"
 760      425F4765 
 760      74436F75 
 760      6E7400
 761              	.LASF10:
 762 019d 73697A65 		.ascii	"sizetype\000"
 762      74797065 
 762      00
 763              	.LASF1:
 764 01a6 6C6F6E67 		.ascii	"long long int\000"
 764      206C6F6E 
 764      6720696E 
 764      7400
 765              	.LASF32:
 766 01b4 6D61696E 		.ascii	"main.c\000"
 766      2E6300
 767              	.LASF11:
 768 01bb 63686172 		.ascii	"char\000"
 768      00
 769              	.LASF27:
 770 01c0 6D795553 		.ascii	"myUSB_PutChar\000"
 770      425F5075 
 770      74436861 
 770      7200
 771              	.LASF33:
 772 01ce 433A5C55 		.ascii	"C:\\Users\\danaukes\\code\\code_photon\\psoc_photon"
ARM GAS  C:\Users\danaukes\AppData\Local\Temp\ccWjVuz5.s 			page 17


 772      73657273 
 772      5C64616E 
 772      61756B65 
 772      735C636F 
 773 01fc 5F636C6F 		.ascii	"_cloud_transponder\\psoc\\Workspace01\\Design01.cyd"
 773      75645F74 
 773      72616E73 
 773      706F6E64 
 773      65725C70 
 774 022c 736E00   		.ascii	"sn\000"
 775              	.LASF16:
 776 022f 75696E74 		.ascii	"uint8\000"
 776      3800
 777              	.LASF24:
 778 0235 6D795553 		.ascii	"myUSB_CDC_Init\000"
 778      425F4344 
 778      435F496E 
 778      697400
 779              	.LASF7:
 780 0244 6C6F6E67 		.ascii	"long int\000"
 780      20696E74 
 780      00
 781              	.LASF26:
 782 024d 6D795553 		.ascii	"myUSB_CDCIsReady\000"
 782      425F4344 
 782      43497352 
 782      65616479 
 782      00
 783              	.LASF2:
 784 025e 6C6F6E67 		.ascii	"long double\000"
 784      20646F75 
 784      626C6500 
 785              	.LASF20:
 786 026a 55415254 		.ascii	"UART_photon_PutChar\000"
 786      5F70686F 
 786      746F6E5F 
 786      50757443 
 786      68617200 
 787              	.LASF25:
 788 027e 55415254 		.ascii	"UART_photon_GetChar\000"
 788      5F70686F 
 788      746F6E5F 
 788      47657443 
 788      68617200 
 789              		.ident	"GCC: (GNU Tools for ARM Embedded Processors) 5.4.1 20160609 (release) [ARM/embedded-5-bran
